SF:/Users/ok/workspace/xechat/src/app.rs
FN:48,_RNvNvNtCs23hgJKj9VmF_6xechat3app3App19___original_template
FN:33,_RNCNvNtCs23hgJKj9VmF_6xechat3app3App0B5_
FN:48,_RNCNvNtCs23hgJKj9VmF_6xechat3app3Apps0_0B5_
FN:48,_RNCNvNtCs23hgJKj9VmF_6xechat3app3Apps_0B5_
FN:48,_RNCNvNvNtCs23hgJKj9VmF_6xechat3app3App10___TEMPLATE0B7_
FN:33,_RNCNvNtCsaZYDEbcQyjG_6xechat3app3App0B5_
FN:48,_RNCNvNtCsaZYDEbcQyjG_6xechat3app3Apps0_0B5_
FN:48,_RNCNvNtCsaZYDEbcQyjG_6xechat3app3Apps_0B5_
FN:48,_RNvNvNtCsaZYDEbcQyjG_6xechat3app3App19___original_template
FN:48,_RNCNvNvNtCsaZYDEbcQyjG_6xechat3app3App10___TEMPLATE0B7_
FNDA:0,_RNvNvNtCs23hgJKj9VmF_6xechat3app3App19___original_template
FNDA:0,_RNCNvNtCs23hgJKj9VmF_6xechat3app3App0B5_
FNDA:0,_RNCNvNtCs23hgJKj9VmF_6xechat3app3Apps0_0B5_
FNDA:0,_RNCNvNtCs23hgJKj9VmF_6xechat3app3Apps_0B5_
FNDA:0,_RNCNvNvNtCs23hgJKj9VmF_6xechat3app3App10___TEMPLATE0B7_
FNDA:0,_RNCNvNtCsaZYDEbcQyjG_6xechat3app3App0B5_
FNDA:0,_RNCNvNtCsaZYDEbcQyjG_6xechat3app3Apps0_0B5_
FNDA:0,_RNCNvNtCsaZYDEbcQyjG_6xechat3app3Apps_0B5_
FNDA:0,_RNvNvNtCsaZYDEbcQyjG_6xechat3app3App19___original_template
FNDA:0,_RNCNvNvNtCsaZYDEbcQyjG_6xechat3app3App10___TEMPLATE0B7_
FNF:2
FNH:0
DA:33,0
DA:34,0
DA:35,0
DA:36,0
DA:48,0
BRF:0
BRH:0
LF:5
LH:0
end_of_record
SF:/Users/ok/workspace/xechat/src/assets.rs
FN:2,_RNvNtCs23hgJKj9VmF_6xechat6assets13logo_data_url
FN:2,_RNvNtCsaZYDEbcQyjG_6xechat6assets13logo_data_url
FNDA:0,_RNvNtCs23hgJKj9VmF_6xechat6assets13logo_data_url
FNDA:0,_RNvNtCsaZYDEbcQyjG_6xechat6assets13logo_data_url
FNF:1
FNH:0
DA:2,0
DA:3,0
DA:4,0
DA:5,0
DA:6,0
BRF:0
BRH:0
LF:5
LH:0
end_of_record
SF:/Users/ok/workspace/xechat/src/components/collapse/component.rs
FN:79,_RNCNvNtNtNtCs23hgJKj9VmF_6xechat10components8collapse9component8Collapses0_0B9_
FN:79,_RNCNvNtNtNtCs23hgJKj9VmF_6xechat10components8collapse9component8Collapses1_0B9_
FN:34,_RNCNvNtNtNtCs23hgJKj9VmF_6xechat10components8collapse9component8Collapses_0B9_
FN:79,_RNCNvNvNtNtNtCs23hgJKj9VmF_6xechat10components8collapse9component8Collapse10___TEMPLATE0Bb_
FN:79,_RNvNvNtNtNtCs23hgJKj9VmF_6xechat10components8collapse9component8Collapse19___original_template
FN:79,_RNCNvNtNtNtCsaZYDEbcQyjG_6xechat10components8collapse9component8Collapses0_0B9_
FN:79,_RNCNvNtNtNtCsaZYDEbcQyjG_6xechat10components8collapse9component8Collapses1_0B9_
FN:34,_RNCNvNtNtNtCsaZYDEbcQyjG_6xechat10components8collapse9component8Collapses_0B9_
FN:79,_RNvNvNtNtNtCsaZYDEbcQyjG_6xechat10components8collapse9component8Collapse19___original_template
FN:79,_RNCNvNvNtNtNtCsaZYDEbcQyjG_6xechat10components8collapse9component8Collapse10___TEMPLATE0Bb_
FNDA:0,_RNCNvNtNtNtCs23hgJKj9VmF_6xechat10components8collapse9component8Collapses0_0B9_
FNDA:0,_RNCNvNtNtNtCs23hgJKj9VmF_6xechat10components8collapse9component8Collapses1_0B9_
FNDA:0,_RNCNvNtNtNtCs23hgJKj9VmF_6xechat10components8collapse9component8Collapses_0B9_
FNDA:0,_RNCNvNvNtNtNtCs23hgJKj9VmF_6xechat10components8collapse9component8Collapse10___TEMPLATE0Bb_
FNDA:0,_RNvNvNtNtNtCs23hgJKj9VmF_6xechat10components8collapse9component8Collapse19___original_template
FNDA:0,_RNCNvNtNtNtCsaZYDEbcQyjG_6xechat10components8collapse9component8Collapses0_0B9_
FNDA:0,_RNCNvNtNtNtCsaZYDEbcQyjG_6xechat10components8collapse9component8Collapses1_0B9_
FNDA:0,_RNCNvNtNtNtCsaZYDEbcQyjG_6xechat10components8collapse9component8Collapses_0B9_
FNDA:0,_RNvNvNtNtNtCsaZYDEbcQyjG_6xechat10components8collapse9component8Collapse19___original_template
FNDA:0,_RNCNvNvNtNtNtCsaZYDEbcQyjG_6xechat10components8collapse9component8Collapse10___TEMPLATE0Bb_
FNF:2
FNH:0
DA:34,0
DA:35,0
DA:36,0
DA:37,0
DA:79,0
BRF:0
BRH:0
LF:5
LH:0
end_of_record
SF:/Users/ok/workspace/xechat/src/components/conversation_item.rs
FN:24,_RNvNtNtCs23hgJKj9VmF_6xechat10components17conversation_item12next_menu_idCs5BO41LQDmEV_41components_conversation_item_helpers_test
FN:24,_RNvNtNtCs23hgJKj9VmF_6xechat10components17conversation_item12next_menu_idB5_
FN:16,_RNvNtNtCs23hgJKj9VmF_6xechat10components17conversation_item15is_menu_visible
FN:42,_RNvNvNtNtCs23hgJKj9VmF_6xechat10components17conversation_item16ConversationItem16item_inner_class
FN:53,_RNvNvNtNtCs23hgJKj9VmF_6xechat10components17conversation_item16ConversationItem16item_title_class
FN:178,_RNvNvNtNtCs23hgJKj9VmF_6xechat10components17conversation_item16ConversationItem19___original_template
FN:64,_RNvNvNtNtCs23hgJKj9VmF_6xechat10components17conversation_item16ConversationItem19item_more_btn_class
FN:173,_RNvNvNtNtCs23hgJKj9VmF_6xechat10components17conversation_item16ConversationItems0_19___original_template
FN:171,_RNvNvNtNtCs23hgJKj9VmF_6xechat10components17conversation_item16ConversationItems_19___original_template
FN:91,_RNCNCNvNtNtCs23hgJKj9VmF_6xechat10components17conversation_item16ConversationItems_00B9_
FN:102,_RNCNvNtNtCs23hgJKj9VmF_6xechat10components17conversation_item16ConversationItems0_0B7_
FN:111,_RNCNvNtNtCs23hgJKj9VmF_6xechat10components17conversation_item16ConversationItems1_0B7_
FN:119,_RNCNvNtNtCs23hgJKj9VmF_6xechat10components17conversation_item16ConversationItems2_0B7_
FN:178,_RNCNvNtNtCs23hgJKj9VmF_6xechat10components17conversation_item16ConversationItems3_0B7_
FN:178,_RNCNvNtNtCs23hgJKj9VmF_6xechat10components17conversation_item16ConversationItems4_0B7_
FN:138,_RNCNvNtNtCs23hgJKj9VmF_6xechat10components17conversation_item16ConversationItems5_0B7_
FN:139,_RNCNvNtNtCs23hgJKj9VmF_6xechat10components17conversation_item16ConversationItems6_0B7_
FN:148,_RNCNvNtNtCs23hgJKj9VmF_6xechat10components17conversation_item16ConversationItems7_0B7_
FN:171,_RNCNvNtNtCs23hgJKj9VmF_6xechat10components17conversation_item16ConversationItems8_0B7_
FN:171,_RNCNvNtNtCs23hgJKj9VmF_6xechat10components17conversation_item16ConversationItems9_0B7_
FN:86,_RNCNvNtNtCs23hgJKj9VmF_6xechat10components17conversation_item16ConversationItems_0B7_
FN:157,_RNCNvNtNtCs23hgJKj9VmF_6xechat10components17conversation_item16ConversationItemsa_0B7_
FN:173,_RNCNvNtNtCs23hgJKj9VmF_6xechat10components17conversation_item16ConversationItemsb_0B7_
FN:173,_RNCNvNtNtCs23hgJKj9VmF_6xechat10components17conversation_item16ConversationItemsc_0B7_
FN:178,_RNCNvNvNtNtCs23hgJKj9VmF_6xechat10components17conversation_item16ConversationItem10___TEMPLATE0B9_
FN:173,_RNCNvNvNtNtCs23hgJKj9VmF_6xechat10components17conversation_item16ConversationItems0_10___TEMPLATE0B9_
FN:171,_RNCNvNvNtNtCs23hgJKj9VmF_6xechat10components17conversation_item16ConversationItems_10___TEMPLATE0B9_
FN:91,_RNCNCNvNtNtCsaZYDEbcQyjG_6xechat10components17conversation_item16ConversationItems_00B9_
FN:102,_RNCNvNtNtCsaZYDEbcQyjG_6xechat10components17conversation_item16ConversationItems0_0B7_
FN:111,_RNCNvNtNtCsaZYDEbcQyjG_6xechat10components17conversation_item16ConversationItems1_0B7_
FN:119,_RNCNvNtNtCsaZYDEbcQyjG_6xechat10components17conversation_item16ConversationItems2_0B7_
FN:178,_RNCNvNtNtCsaZYDEbcQyjG_6xechat10components17conversation_item16ConversationItems3_0B7_
FN:178,_RNCNvNtNtCsaZYDEbcQyjG_6xechat10components17conversation_item16ConversationItems4_0B7_
FN:138,_RNCNvNtNtCsaZYDEbcQyjG_6xechat10components17conversation_item16ConversationItems5_0B7_
FN:139,_RNCNvNtNtCsaZYDEbcQyjG_6xechat10components17conversation_item16ConversationItems6_0B7_
FN:148,_RNCNvNtNtCsaZYDEbcQyjG_6xechat10components17conversation_item16ConversationItems7_0B7_
FN:171,_RNCNvNtNtCsaZYDEbcQyjG_6xechat10components17conversation_item16ConversationItems8_0B7_
FN:171,_RNCNvNtNtCsaZYDEbcQyjG_6xechat10components17conversation_item16ConversationItems9_0B7_
FN:86,_RNCNvNtNtCsaZYDEbcQyjG_6xechat10components17conversation_item16ConversationItems_0B7_
FN:157,_RNCNvNtNtCsaZYDEbcQyjG_6xechat10components17conversation_item16ConversationItemsa_0B7_
FN:173,_RNCNvNtNtCsaZYDEbcQyjG_6xechat10components17conversation_item16ConversationItemsb_0B7_
FN:173,_RNCNvNtNtCsaZYDEbcQyjG_6xechat10components17conversation_item16ConversationItemsc_0B7_
FN:24,_RNvNtNtCsaZYDEbcQyjG_6xechat10components17conversation_item12next_menu_idB5_
FN:16,_RNvNtNtCsaZYDEbcQyjG_6xechat10components17conversation_item15is_menu_visible
FN:42,_RNvNvNtNtCsaZYDEbcQyjG_6xechat10components17conversation_item16ConversationItem16item_inner_class
FN:53,_RNvNvNtNtCsaZYDEbcQyjG_6xechat10components17conversation_item16ConversationItem16item_title_class
FN:178,_RNvNvNtNtCsaZYDEbcQyjG_6xechat10components17conversation_item16ConversationItem19___original_template
FN:64,_RNvNvNtNtCsaZYDEbcQyjG_6xechat10components17conversation_item16ConversationItem19item_more_btn_class
FN:173,_RNvNvNtNtCsaZYDEbcQyjG_6xechat10components17conversation_item16ConversationItems0_19___original_template
FN:171,_RNvNvNtNtCsaZYDEbcQyjG_6xechat10components17conversation_item16ConversationItems_19___original_template
FN:178,_RNCNvNvNtNtCsaZYDEbcQyjG_6xechat10components17conversation_item16ConversationItem10___TEMPLATE0B9_
FN:173,_RNCNvNvNtNtCsaZYDEbcQyjG_6xechat10components17conversation_item16ConversationItems0_10___TEMPLATE0B9_
FN:171,_RNCNvNvNtNtCsaZYDEbcQyjG_6xechat10components17conversation_item16ConversationItems_10___TEMPLATE0B9_
FNDA:5,_RNvNtNtCs23hgJKj9VmF_6xechat10components17conversation_item12next_menu_idCs5BO41LQDmEV_41components_conversation_item_helpers_test
FNDA:0,_RNvNtNtCs23hgJKj9VmF_6xechat10components17conversation_item12next_menu_idB5_
FNDA:5,_RNvNtNtCs23hgJKj9VmF_6xechat10components17conversation_item15is_menu_visible
FNDA:0,_RNvNvNtNtCs23hgJKj9VmF_6xechat10components17conversation_item16ConversationItem16item_inner_class
FNDA:0,_RNvNvNtNtCs23hgJKj9VmF_6xechat10components17conversation_item16ConversationItem16item_title_class
FNDA:0,_RNvNvNtNtCs23hgJKj9VmF_6xechat10components17conversation_item16ConversationItem19___original_template
FNDA:0,_RNvNvNtNtCs23hgJKj9VmF_6xechat10components17conversation_item16ConversationItem19item_more_btn_class
FNDA:0,_RNvNvNtNtCs23hgJKj9VmF_6xechat10components17conversation_item16ConversationItems0_19___original_template
FNDA:0,_RNvNvNtNtCs23hgJKj9VmF_6xechat10components17conversation_item16ConversationItems_19___original_template
FNDA:0,_RNCNCNvNtNtCs23hgJKj9VmF_6xechat10components17conversation_item16ConversationItems_00B9_
FNDA:0,_RNCNvNtNtCs23hgJKj9VmF_6xechat10components17conversation_item16ConversationItems0_0B7_
FNDA:0,_RNCNvNtNtCs23hgJKj9VmF_6xechat10components17conversation_item16ConversationItems1_0B7_
FNDA:0,_RNCNvNtNtCs23hgJKj9VmF_6xechat10components17conversation_item16ConversationItems2_0B7_
FNDA:0,_RNCNvNtNtCs23hgJKj9VmF_6xechat10components17conversation_item16ConversationItems3_0B7_
FNDA:0,_RNCNvNtNtCs23hgJKj9VmF_6xechat10components17conversation_item16ConversationItems4_0B7_
FNDA:0,_RNCNvNtNtCs23hgJKj9VmF_6xechat10components17conversation_item16ConversationItems5_0B7_
FNDA:0,_RNCNvNtNtCs23hgJKj9VmF_6xechat10components17conversation_item16ConversationItems6_0B7_
FNDA:0,_RNCNvNtNtCs23hgJKj9VmF_6xechat10components17conversation_item16ConversationItems7_0B7_
FNDA:0,_RNCNvNtNtCs23hgJKj9VmF_6xechat10components17conversation_item16ConversationItems8_0B7_
FNDA:0,_RNCNvNtNtCs23hgJKj9VmF_6xechat10components17conversation_item16ConversationItems9_0B7_
FNDA:0,_RNCNvNtNtCs23hgJKj9VmF_6xechat10components17conversation_item16ConversationItems_0B7_
FNDA:0,_RNCNvNtNtCs23hgJKj9VmF_6xechat10components17conversation_item16ConversationItemsa_0B7_
FNDA:0,_RNCNvNtNtCs23hgJKj9VmF_6xechat10components17conversation_item16ConversationItemsb_0B7_
FNDA:0,_RNCNvNtNtCs23hgJKj9VmF_6xechat10components17conversation_item16ConversationItemsc_0B7_
FNDA:0,_RNCNvNvNtNtCs23hgJKj9VmF_6xechat10components17conversation_item16ConversationItem10___TEMPLATE0B9_
FNDA:0,_RNCNvNvNtNtCs23hgJKj9VmF_6xechat10components17conversation_item16ConversationItems0_10___TEMPLATE0B9_
FNDA:0,_RNCNvNvNtNtCs23hgJKj9VmF_6xechat10components17conversation_item16ConversationItems_10___TEMPLATE0B9_
FNDA:0,_RNCNCNvNtNtCsaZYDEbcQyjG_6xechat10components17conversation_item16ConversationItems_00B9_
FNDA:0,_RNCNvNtNtCsaZYDEbcQyjG_6xechat10components17conversation_item16ConversationItems0_0B7_
FNDA:0,_RNCNvNtNtCsaZYDEbcQyjG_6xechat10components17conversation_item16ConversationItems1_0B7_
FNDA:0,_RNCNvNtNtCsaZYDEbcQyjG_6xechat10components17conversation_item16ConversationItems2_0B7_
FNDA:0,_RNCNvNtNtCsaZYDEbcQyjG_6xechat10components17conversation_item16ConversationItems3_0B7_
FNDA:0,_RNCNvNtNtCsaZYDEbcQyjG_6xechat10components17conversation_item16ConversationItems4_0B7_
FNDA:0,_RNCNvNtNtCsaZYDEbcQyjG_6xechat10components17conversation_item16ConversationItems5_0B7_
FNDA:0,_RNCNvNtNtCsaZYDEbcQyjG_6xechat10components17conversation_item16ConversationItems6_0B7_
FNDA:0,_RNCNvNtNtCsaZYDEbcQyjG_6xechat10components17conversation_item16ConversationItems7_0B7_
FNDA:0,_RNCNvNtNtCsaZYDEbcQyjG_6xechat10components17conversation_item16ConversationItems8_0B7_
FNDA:0,_RNCNvNtNtCsaZYDEbcQyjG_6xechat10components17conversation_item16ConversationItems9_0B7_
FNDA:0,_RNCNvNtNtCsaZYDEbcQyjG_6xechat10components17conversation_item16ConversationItems_0B7_
FNDA:0,_RNCNvNtNtCsaZYDEbcQyjG_6xechat10components17conversation_item16ConversationItemsa_0B7_
FNDA:0,_RNCNvNtNtCsaZYDEbcQyjG_6xechat10components17conversation_item16ConversationItemsb_0B7_
FNDA:0,_RNCNvNtNtCsaZYDEbcQyjG_6xechat10components17conversation_item16ConversationItemsc_0B7_
FNDA:0,_RNvNtNtCsaZYDEbcQyjG_6xechat10components17conversation_item12next_menu_idB5_
FNDA:0,_RNvNtNtCsaZYDEbcQyjG_6xechat10components17conversation_item15is_menu_visible
FNDA:0,_RNvNvNtNtCsaZYDEbcQyjG_6xechat10components17conversation_item16ConversationItem16item_inner_class
FNDA:0,_RNvNvNtNtCsaZYDEbcQyjG_6xechat10components17conversation_item16ConversationItem16item_title_class
FNDA:0,_RNvNvNtNtCsaZYDEbcQyjG_6xechat10components17conversation_item16ConversationItem19___original_template
FNDA:0,_RNvNvNtNtCsaZYDEbcQyjG_6xechat10components17conversation_item16ConversationItem19item_more_btn_class
FNDA:0,_RNvNvNtNtCsaZYDEbcQyjG_6xechat10components17conversation_item16ConversationItems0_19___original_template
FNDA:0,_RNvNvNtNtCsaZYDEbcQyjG_6xechat10components17conversation_item16ConversationItems_19___original_template
FNDA:0,_RNCNvNvNtNtCsaZYDEbcQyjG_6xechat10components17conversation_item16ConversationItem10___TEMPLATE0B9_
FNDA:0,_RNCNvNvNtNtCsaZYDEbcQyjG_6xechat10components17conversation_item16ConversationItems0_10___TEMPLATE0B9_
FNDA:0,_RNCNvNvNtNtCsaZYDEbcQyjG_6xechat10components17conversation_item16ConversationItems_10___TEMPLATE0B9_
FNF:17
FNH:2
DA:16,5
DA:17,5
DA:18,5
DA:24,5
DA:25,5
DA:26,2
DA:28,3
DA:30,5
DA:42,0
DA:43,0
DA:44,0
DA:45,0
DA:46,0
DA:48,0
DA:50,0
DA:53,0
DA:54,0
DA:55,0
DA:56,0
DA:57,0
DA:59,0
DA:61,0
DA:64,0
DA:65,0
DA:66,0
DA:68,0
DA:70,0
DA:86,0
DA:87,0
DA:88,0
DA:89,0
DA:90,0
DA:91,0
DA:92,0
DA:93,0
DA:94,0
DA:95,0
DA:96,0
DA:97,0
DA:102,0
DA:103,0
DA:104,0
DA:105,0
DA:106,0
DA:111,0
DA:112,0
DA:113,0
DA:114,0
DA:119,0
DA:120,0
DA:121,0
DA:122,0
DA:138,0
DA:139,0
DA:148,0
DA:157,0
DA:171,0
DA:173,0
DA:178,0
BRF:0
BRH:0
LF:60
LH:8
end_of_record
SF:/Users/ok/workspace/xechat/src/components/custom_select.rs
FN:97,_RNvNCNvNtNtCs23hgJKj9VmF_6xechat10components13custom_select12CustomSelectsa_019___original_template
FN:103,_RNvNvNtNtCs23hgJKj9VmF_6xechat10components13custom_select12CustomSelect19___original_template
FN:99,_RNvNvNtNtCs23hgJKj9VmF_6xechat10components13custom_select12CustomSelects0_19___original_template
FN:97,_RNvNvNtNtCs23hgJKj9VmF_6xechat10components13custom_select12CustomSelects_19___original_template
FN:97,_RNCNCNvNtNtCs23hgJKj9VmF_6xechat10components13custom_select12CustomSelectsa_00B9_
FN:91,_RNCNCNvNtNtCs23hgJKj9VmF_6xechat10components13custom_select12CustomSelectsa_0s0_0B9_
FN:97,_RNCNCNvNtNtCs23hgJKj9VmF_6xechat10components13custom_select12CustomSelectsa_0s_0B9_
FN:97,_RNCNvNCNvNtNtCs23hgJKj9VmF_6xechat10components13custom_select12CustomSelectsa_010___TEMPLATE0Bb_
FN:19,_RNCNvNtNtCs23hgJKj9VmF_6xechat10components13custom_select12CustomSelects0_0B7_
FN:20,_RNCNvNtNtCs23hgJKj9VmF_6xechat10components13custom_select12CustomSelects1_0B7_
FN:23,_RNCNvNtNtCs23hgJKj9VmF_6xechat10components13custom_select12CustomSelects2_0B7_
FN:31,_RNCNvNtNtCs23hgJKj9VmF_6xechat10components13custom_select12CustomSelects3_0B7_
FN:55,_RNCNvNtNtCs23hgJKj9VmF_6xechat10components13custom_select12CustomSelects4_0B7_
FN:103,_RNCNvNtNtCs23hgJKj9VmF_6xechat10components13custom_select12CustomSelects5_0B7_
FN:103,_RNCNvNtNtCs23hgJKj9VmF_6xechat10components13custom_select12CustomSelects6_0B7_
FN:65,_RNCNvNtNtCs23hgJKj9VmF_6xechat10components13custom_select12CustomSelects7_0B7_
FN:97,_RNCNvNtNtCs23hgJKj9VmF_6xechat10components13custom_select12CustomSelects8_0B7_
FN:97,_RNCNvNtNtCs23hgJKj9VmF_6xechat10components13custom_select12CustomSelects9_0B7_
FN:18,_RNCNvNtNtCs23hgJKj9VmF_6xechat10components13custom_select12CustomSelects_0B7_
FN:97,_RNCNvNtNtCs23hgJKj9VmF_6xechat10components13custom_select12CustomSelectsa_0B7_
FN:99,_RNCNvNtNtCs23hgJKj9VmF_6xechat10components13custom_select12CustomSelectsb_0B7_
FN:99,_RNCNvNtNtCs23hgJKj9VmF_6xechat10components13custom_select12CustomSelectsc_0B7_
FN:103,_RNCNvNvNtNtCs23hgJKj9VmF_6xechat10components13custom_select12CustomSelect10___TEMPLATE0B9_
FN:99,_RNCNvNvNtNtCs23hgJKj9VmF_6xechat10components13custom_select12CustomSelects0_10___TEMPLATE0B9_
FN:97,_RNCNvNvNtNtCs23hgJKj9VmF_6xechat10components13custom_select12CustomSelects_10___TEMPLATE0B9_
FN:97,_RNCNCNvNtNtCsaZYDEbcQyjG_6xechat10components13custom_select12CustomSelectsa_00B9_
FN:91,_RNCNCNvNtNtCsaZYDEbcQyjG_6xechat10components13custom_select12CustomSelectsa_0s0_0B9_
FN:97,_RNCNCNvNtNtCsaZYDEbcQyjG_6xechat10components13custom_select12CustomSelectsa_0s_0B9_
FN:19,_RNCNvNtNtCsaZYDEbcQyjG_6xechat10components13custom_select12CustomSelects0_0B7_
FN:20,_RNCNvNtNtCsaZYDEbcQyjG_6xechat10components13custom_select12CustomSelects1_0B7_
FN:23,_RNCNvNtNtCsaZYDEbcQyjG_6xechat10components13custom_select12CustomSelects2_0B7_
FN:31,_RNCNvNtNtCsaZYDEbcQyjG_6xechat10components13custom_select12CustomSelects3_0B7_
FN:55,_RNCNvNtNtCsaZYDEbcQyjG_6xechat10components13custom_select12CustomSelects4_0B7_
FN:103,_RNCNvNtNtCsaZYDEbcQyjG_6xechat10components13custom_select12CustomSelects5_0B7_
FN:103,_RNCNvNtNtCsaZYDEbcQyjG_6xechat10components13custom_select12CustomSelects6_0B7_
FN:65,_RNCNvNtNtCsaZYDEbcQyjG_6xechat10components13custom_select12CustomSelects7_0B7_
FN:97,_RNCNvNtNtCsaZYDEbcQyjG_6xechat10components13custom_select12CustomSelects8_0B7_
FN:97,_RNCNvNtNtCsaZYDEbcQyjG_6xechat10components13custom_select12CustomSelects9_0B7_
FN:18,_RNCNvNtNtCsaZYDEbcQyjG_6xechat10components13custom_select12CustomSelects_0B7_
FN:97,_RNCNvNtNtCsaZYDEbcQyjG_6xechat10components13custom_select12CustomSelectsa_0B7_
FN:99,_RNCNvNtNtCsaZYDEbcQyjG_6xechat10components13custom_select12CustomSelectsb_0B7_
FN:99,_RNCNvNtNtCsaZYDEbcQyjG_6xechat10components13custom_select12CustomSelectsc_0B7_
FN:97,_RNvNCNvNtNtCsaZYDEbcQyjG_6xechat10components13custom_select12CustomSelectsa_019___original_template
FN:103,_RNvNvNtNtCsaZYDEbcQyjG_6xechat10components13custom_select12CustomSelect19___original_template
FN:99,_RNvNvNtNtCsaZYDEbcQyjG_6xechat10components13custom_select12CustomSelects0_19___original_template
FN:97,_RNvNvNtNtCsaZYDEbcQyjG_6xechat10components13custom_select12CustomSelects_19___original_template
FN:97,_RNCNvNCNvNtNtCsaZYDEbcQyjG_6xechat10components13custom_select12CustomSelectsa_010___TEMPLATE0Bb_
FN:103,_RNCNvNvNtNtCsaZYDEbcQyjG_6xechat10components13custom_select12CustomSelect10___TEMPLATE0B9_
FN:99,_RNCNvNvNtNtCsaZYDEbcQyjG_6xechat10components13custom_select12CustomSelects0_10___TEMPLATE0B9_
FN:97,_RNCNvNvNtNtCsaZYDEbcQyjG_6xechat10components13custom_select12CustomSelects_10___TEMPLATE0B9_
FNDA:0,_RNvNCNvNtNtCs23hgJKj9VmF_6xechat10components13custom_select12CustomSelectsa_019___original_template
FNDA:0,_RNvNvNtNtCs23hgJKj9VmF_6xechat10components13custom_select12CustomSelect19___original_template
FNDA:0,_RNvNvNtNtCs23hgJKj9VmF_6xechat10components13custom_select12CustomSelects0_19___original_template
FNDA:0,_RNvNvNtNtCs23hgJKj9VmF_6xechat10components13custom_select12CustomSelects_19___original_template
FNDA:0,_RNCNCNvNtNtCs23hgJKj9VmF_6xechat10components13custom_select12CustomSelectsa_00B9_
FNDA:0,_RNCNCNvNtNtCs23hgJKj9VmF_6xechat10components13custom_select12CustomSelectsa_0s0_0B9_
FNDA:0,_RNCNCNvNtNtCs23hgJKj9VmF_6xechat10components13custom_select12CustomSelectsa_0s_0B9_
FNDA:0,_RNCNvNCNvNtNtCs23hgJKj9VmF_6xechat10components13custom_select12CustomSelectsa_010___TEMPLATE0Bb_
FNDA:0,_RNCNvNtNtCs23hgJKj9VmF_6xechat10components13custom_select12CustomSelects0_0B7_
FNDA:0,_RNCNvNtNtCs23hgJKj9VmF_6xechat10components13custom_select12CustomSelects1_0B7_
FNDA:0,_RNCNvNtNtCs23hgJKj9VmF_6xechat10components13custom_select12CustomSelects2_0B7_
FNDA:0,_RNCNvNtNtCs23hgJKj9VmF_6xechat10components13custom_select12CustomSelects3_0B7_
FNDA:0,_RNCNvNtNtCs23hgJKj9VmF_6xechat10components13custom_select12CustomSelects4_0B7_
FNDA:0,_RNCNvNtNtCs23hgJKj9VmF_6xechat10components13custom_select12CustomSelects5_0B7_
FNDA:0,_RNCNvNtNtCs23hgJKj9VmF_6xechat10components13custom_select12CustomSelects6_0B7_
FNDA:0,_RNCNvNtNtCs23hgJKj9VmF_6xechat10components13custom_select12CustomSelects7_0B7_
FNDA:0,_RNCNvNtNtCs23hgJKj9VmF_6xechat10components13custom_select12CustomSelects8_0B7_
FNDA:0,_RNCNvNtNtCs23hgJKj9VmF_6xechat10components13custom_select12CustomSelects9_0B7_
FNDA:0,_RNCNvNtNtCs23hgJKj9VmF_6xechat10components13custom_select12CustomSelects_0B7_
FNDA:0,_RNCNvNtNtCs23hgJKj9VmF_6xechat10components13custom_select12CustomSelectsa_0B7_
FNDA:0,_RNCNvNtNtCs23hgJKj9VmF_6xechat10components13custom_select12CustomSelectsb_0B7_
FNDA:0,_RNCNvNtNtCs23hgJKj9VmF_6xechat10components13custom_select12CustomSelectsc_0B7_
FNDA:0,_RNCNvNvNtNtCs23hgJKj9VmF_6xechat10components13custom_select12CustomSelect10___TEMPLATE0B9_
FNDA:0,_RNCNvNvNtNtCs23hgJKj9VmF_6xechat10components13custom_select12CustomSelects0_10___TEMPLATE0B9_
FNDA:0,_RNCNvNvNtNtCs23hgJKj9VmF_6xechat10components13custom_select12CustomSelects_10___TEMPLATE0B9_
FNDA:0,_RNCNCNvNtNtCsaZYDEbcQyjG_6xechat10components13custom_select12CustomSelectsa_00B9_
FNDA:0,_RNCNCNvNtNtCsaZYDEbcQyjG_6xechat10components13custom_select12CustomSelectsa_0s0_0B9_
FNDA:0,_RNCNCNvNtNtCsaZYDEbcQyjG_6xechat10components13custom_select12CustomSelectsa_0s_0B9_
FNDA:0,_RNCNvNtNtCsaZYDEbcQyjG_6xechat10components13custom_select12CustomSelects0_0B7_
FNDA:0,_RNCNvNtNtCsaZYDEbcQyjG_6xechat10components13custom_select12CustomSelects1_0B7_
FNDA:0,_RNCNvNtNtCsaZYDEbcQyjG_6xechat10components13custom_select12CustomSelects2_0B7_
FNDA:0,_RNCNvNtNtCsaZYDEbcQyjG_6xechat10components13custom_select12CustomSelects3_0B7_
FNDA:0,_RNCNvNtNtCsaZYDEbcQyjG_6xechat10components13custom_select12CustomSelects4_0B7_
FNDA:0,_RNCNvNtNtCsaZYDEbcQyjG_6xechat10components13custom_select12CustomSelects5_0B7_
FNDA:0,_RNCNvNtNtCsaZYDEbcQyjG_6xechat10components13custom_select12CustomSelects6_0B7_
FNDA:0,_RNCNvNtNtCsaZYDEbcQyjG_6xechat10components13custom_select12CustomSelects7_0B7_
FNDA:0,_RNCNvNtNtCsaZYDEbcQyjG_6xechat10components13custom_select12CustomSelects8_0B7_
FNDA:0,_RNCNvNtNtCsaZYDEbcQyjG_6xechat10components13custom_select12CustomSelects9_0B7_
FNDA:0,_RNCNvNtNtCsaZYDEbcQyjG_6xechat10components13custom_select12CustomSelects_0B7_
FNDA:0,_RNCNvNtNtCsaZYDEbcQyjG_6xechat10components13custom_select12CustomSelectsa_0B7_
FNDA:0,_RNCNvNtNtCsaZYDEbcQyjG_6xechat10components13custom_select12CustomSelectsb_0B7_
FNDA:0,_RNCNvNtNtCsaZYDEbcQyjG_6xechat10components13custom_select12CustomSelectsc_0B7_
FNDA:0,_RNvNCNvNtNtCsaZYDEbcQyjG_6xechat10components13custom_select12CustomSelectsa_019___original_template
FNDA:0,_RNvNvNtNtCsaZYDEbcQyjG_6xechat10components13custom_select12CustomSelect19___original_template
FNDA:0,_RNvNvNtNtCsaZYDEbcQyjG_6xechat10components13custom_select12CustomSelects0_19___original_template
FNDA:0,_RNvNvNtNtCsaZYDEbcQyjG_6xechat10components13custom_select12CustomSelects_19___original_template
FNDA:0,_RNCNvNCNvNtNtCsaZYDEbcQyjG_6xechat10components13custom_select12CustomSelectsa_010___TEMPLATE0Bb_
FNDA:0,_RNCNvNvNtNtCsaZYDEbcQyjG_6xechat10components13custom_select12CustomSelect10___TEMPLATE0B9_
FNDA:0,_RNCNvNvNtNtCsaZYDEbcQyjG_6xechat10components13custom_select12CustomSelects0_10___TEMPLATE0B9_
FNDA:0,_RNCNvNvNtNtCsaZYDEbcQyjG_6xechat10components13custom_select12CustomSelects_10___TEMPLATE0B9_
FNF:11
FNH:0
DA:18,0
DA:19,0
DA:20,0
DA:23,0
DA:24,0
DA:25,0
DA:26,0
DA:27,0
DA:31,0
DA:32,0
DA:33,0
DA:34,0
DA:55,0
DA:56,0
DA:57,0
DA:58,0
DA:65,0
DA:91,0
DA:97,0
DA:99,0
DA:103,0
BRF:0
BRH:0
LF:21
LH:0
end_of_record
SF:/Users/ok/workspace/xechat/src/components/input/component.rs
FN:64,_RNCNvNtNtNtCs23hgJKj9VmF_6xechat10components5input9component18handle_number_blur0B9_
FN:64,_RNCNvNtNtNtCs23hgJKj9VmF_6xechat10components5input9component18handle_number_blurs_0B9_
FN:124,_RNCNvNtNtNtCs23hgJKj9VmF_6xechat10components5input9component5Input0B9_
FN:130,_RNCNvNtNtNtCs23hgJKj9VmF_6xechat10components5input9component5Inputs0_0B9_
FN:186,_RNCNvNtNtNtCs23hgJKj9VmF_6xechat10components5input9component5Inputs1_0B9_
FN:186,_RNCNvNtNtNtCs23hgJKj9VmF_6xechat10components5input9component5Inputs2_0B9_
FN:186,_RNCNvNtNtNtCs23hgJKj9VmF_6xechat10components5input9component5Inputs3_0B9_
FN:186,_RNCNvNtNtNtCs23hgJKj9VmF_6xechat10components5input9component5Inputs4_0B9_
FN:150,_RNCNvNtNtNtCs23hgJKj9VmF_6xechat10components5input9component5Inputs5_0B9_
FN:167,_RNCNvNtNtNtCs23hgJKj9VmF_6xechat10components5input9component5Inputs6_0B9_
FN:126,_RNCNvNtNtNtCs23hgJKj9VmF_6xechat10components5input9component5Inputs_0B9_
FN:186,_RNCNvNvNtNtNtCs23hgJKj9VmF_6xechat10components5input9component5Input10___TEMPLATE0Bb_
FN:186,_RNCNvNvNtNtNtCs23hgJKj9VmF_6xechat10components5input9component5Inputs_10___TEMPLATE0Bb_
FN:215,_RNvNtNtNtCs23hgJKj9VmF_6xechat10components5input9component15is_valid_number
FN:225,_RNvNtNtNtCs23hgJKj9VmF_6xechat10components5input9component16normalize_number
FN:233,_RNvNtNtNtCs23hgJKj9VmF_6xechat10components5input9component18clamp_number_value
FN:48,_RNvNtNtNtCs23hgJKj9VmF_6xechat10components5input9component18handle_number_blurB7_
FN:195,_RNvNtNtNtCs23hgJKj9VmF_6xechat10components5input9component19filter_number_input
FN:22,_RNvNtNtNtCs23hgJKj9VmF_6xechat10components5input9component19handle_number_inputB7_
FN:186,_RNvNvNtNtNtCs23hgJKj9VmF_6xechat10components5input9component5Input19___original_template
FN:186,_RNvNvNtNtNtCs23hgJKj9VmF_6xechat10components5input9component5Inputs_19___original_template
FN:48,_RNvNtNtNtCs23hgJKj9VmF_6xechat10components5input9component18handle_number_blurCshDKPKJAmD9u_29components_input_helpers_test
FN:22,_RNvNtNtNtCs23hgJKj9VmF_6xechat10components5input9component19handle_number_inputCshDKPKJAmD9u_29components_input_helpers_test
FN:64,_RNCNvNtNtNtCsaZYDEbcQyjG_6xechat10components5input9component18handle_number_blur0B9_
FN:64,_RNCNvNtNtNtCsaZYDEbcQyjG_6xechat10components5input9component18handle_number_blurs_0B9_
FN:124,_RNCNvNtNtNtCsaZYDEbcQyjG_6xechat10components5input9component5Input0B9_
FN:130,_RNCNvNtNtNtCsaZYDEbcQyjG_6xechat10components5input9component5Inputs0_0B9_
FN:186,_RNCNvNtNtNtCsaZYDEbcQyjG_6xechat10components5input9component5Inputs1_0B9_
FN:186,_RNCNvNtNtNtCsaZYDEbcQyjG_6xechat10components5input9component5Inputs2_0B9_
FN:186,_RNCNvNtNtNtCsaZYDEbcQyjG_6xechat10components5input9component5Inputs3_0B9_
FN:186,_RNCNvNtNtNtCsaZYDEbcQyjG_6xechat10components5input9component5Inputs4_0B9_
FN:150,_RNCNvNtNtNtCsaZYDEbcQyjG_6xechat10components5input9component5Inputs5_0B9_
FN:167,_RNCNvNtNtNtCsaZYDEbcQyjG_6xechat10components5input9component5Inputs6_0B9_
FN:126,_RNCNvNtNtNtCsaZYDEbcQyjG_6xechat10components5input9component5Inputs_0B9_
FN:215,_RNvNtNtNtCsaZYDEbcQyjG_6xechat10components5input9component15is_valid_number
FN:225,_RNvNtNtNtCsaZYDEbcQyjG_6xechat10components5input9component16normalize_number
FN:233,_RNvNtNtNtCsaZYDEbcQyjG_6xechat10components5input9component18clamp_number_value
FN:48,_RNvNtNtNtCsaZYDEbcQyjG_6xechat10components5input9component18handle_number_blurB7_
FN:195,_RNvNtNtNtCsaZYDEbcQyjG_6xechat10components5input9component19filter_number_input
FN:22,_RNvNtNtNtCsaZYDEbcQyjG_6xechat10components5input9component19handle_number_inputB7_
FN:186,_RNvNvNtNtNtCsaZYDEbcQyjG_6xechat10components5input9component5Input19___original_template
FN:186,_RNvNvNtNtNtCsaZYDEbcQyjG_6xechat10components5input9component5Inputs_19___original_template
FN:186,_RNCNvNvNtNtNtCsaZYDEbcQyjG_6xechat10components5input9component5Input10___TEMPLATE0Bb_
FN:186,_RNCNvNvNtNtNtCsaZYDEbcQyjG_6xechat10components5input9component5Inputs_10___TEMPLATE0Bb_
FNDA:0,_RNCNvNtNtNtCs23hgJKj9VmF_6xechat10components5input9component18handle_number_blur0B9_
FNDA:0,_RNCNvNtNtNtCs23hgJKj9VmF_6xechat10components5input9component18handle_number_blurs_0B9_
FNDA:0,_RNCNvNtNtNtCs23hgJKj9VmF_6xechat10components5input9component5Input0B9_
FNDA:0,_RNCNvNtNtNtCs23hgJKj9VmF_6xechat10components5input9component5Inputs0_0B9_
FNDA:0,_RNCNvNtNtNtCs23hgJKj9VmF_6xechat10components5input9component5Inputs1_0B9_
FNDA:0,_RNCNvNtNtNtCs23hgJKj9VmF_6xechat10components5input9component5Inputs2_0B9_
FNDA:0,_RNCNvNtNtNtCs23hgJKj9VmF_6xechat10components5input9component5Inputs3_0B9_
FNDA:0,_RNCNvNtNtNtCs23hgJKj9VmF_6xechat10components5input9component5Inputs4_0B9_
FNDA:0,_RNCNvNtNtNtCs23hgJKj9VmF_6xechat10components5input9component5Inputs5_0B9_
FNDA:0,_RNCNvNtNtNtCs23hgJKj9VmF_6xechat10components5input9component5Inputs6_0B9_
FNDA:0,_RNCNvNtNtNtCs23hgJKj9VmF_6xechat10components5input9component5Inputs_0B9_
FNDA:0,_RNCNvNvNtNtNtCs23hgJKj9VmF_6xechat10components5input9component5Input10___TEMPLATE0Bb_
FNDA:0,_RNCNvNvNtNtNtCs23hgJKj9VmF_6xechat10components5input9component5Inputs_10___TEMPLATE0Bb_
FNDA:26,_RNvNtNtNtCs23hgJKj9VmF_6xechat10components5input9component15is_valid_number
FNDA:12,_RNvNtNtNtCs23hgJKj9VmF_6xechat10components5input9component16normalize_number
FNDA:17,_RNvNtNtNtCs23hgJKj9VmF_6xechat10components5input9component18clamp_number_value
FNDA:0,_RNvNtNtNtCs23hgJKj9VmF_6xechat10components5input9component18handle_number_blurB7_
FNDA:15,_RNvNtNtNtCs23hgJKj9VmF_6xechat10components5input9component19filter_number_input
FNDA:0,_RNvNtNtNtCs23hgJKj9VmF_6xechat10components5input9component19handle_number_inputB7_
FNDA:0,_RNvNvNtNtNtCs23hgJKj9VmF_6xechat10components5input9component5Input19___original_template
FNDA:0,_RNvNvNtNtNtCs23hgJKj9VmF_6xechat10components5input9component5Inputs_19___original_template
FNDA:7,_RNvNtNtNtCs23hgJKj9VmF_6xechat10components5input9component18handle_number_blurCshDKPKJAmD9u_29components_input_helpers_test
FNDA:5,_RNvNtNtNtCs23hgJKj9VmF_6xechat10components5input9component19handle_number_inputCshDKPKJAmD9u_29components_input_helpers_test
FNDA:0,_RNCNvNtNtNtCsaZYDEbcQyjG_6xechat10components5input9component18handle_number_blur0B9_
FNDA:0,_RNCNvNtNtNtCsaZYDEbcQyjG_6xechat10components5input9component18handle_number_blurs_0B9_
FNDA:0,_RNCNvNtNtNtCsaZYDEbcQyjG_6xechat10components5input9component5Input0B9_
FNDA:0,_RNCNvNtNtNtCsaZYDEbcQyjG_6xechat10components5input9component5Inputs0_0B9_
FNDA:0,_RNCNvNtNtNtCsaZYDEbcQyjG_6xechat10components5input9component5Inputs1_0B9_
FNDA:0,_RNCNvNtNtNtCsaZYDEbcQyjG_6xechat10components5input9component5Inputs2_0B9_
FNDA:0,_RNCNvNtNtNtCsaZYDEbcQyjG_6xechat10components5input9component5Inputs3_0B9_
FNDA:0,_RNCNvNtNtNtCsaZYDEbcQyjG_6xechat10components5input9component5Inputs4_0B9_
FNDA:0,_RNCNvNtNtNtCsaZYDEbcQyjG_6xechat10components5input9component5Inputs5_0B9_
FNDA:0,_RNCNvNtNtNtCsaZYDEbcQyjG_6xechat10components5input9component5Inputs6_0B9_
FNDA:0,_RNCNvNtNtNtCsaZYDEbcQyjG_6xechat10components5input9component5Inputs_0B9_
FNDA:0,_RNvNtNtNtCsaZYDEbcQyjG_6xechat10components5input9component15is_valid_number
FNDA:0,_RNvNtNtNtCsaZYDEbcQyjG_6xechat10components5input9component16normalize_number
FNDA:0,_RNvNtNtNtCsaZYDEbcQyjG_6xechat10components5input9component18clamp_number_value
FNDA:0,_RNvNtNtNtCsaZYDEbcQyjG_6xechat10components5input9component18handle_number_blurB7_
FNDA:0,_RNvNtNtNtCsaZYDEbcQyjG_6xechat10components5input9component19filter_number_input
FNDA:0,_RNvNtNtNtCsaZYDEbcQyjG_6xechat10components5input9component19handle_number_inputB7_
FNDA:0,_RNvNvNtNtNtCsaZYDEbcQyjG_6xechat10components5input9component5Input19___original_template
FNDA:0,_RNvNvNtNtNtCsaZYDEbcQyjG_6xechat10components5input9component5Inputs_19___original_template
FNDA:0,_RNCNvNvNtNtNtCsaZYDEbcQyjG_6xechat10components5input9component5Input10___TEMPLATE0Bb_
FNDA:0,_RNCNvNvNtNtNtCsaZYDEbcQyjG_6xechat10components5input9component5Inputs_10___TEMPLATE0Bb_
FNF:14
FNH:6
DA:22,5
DA:23,5
DA:24,5
DA:25,5
DA:26,5
DA:27,5
DA:28,5
DA:29,4
DA:31,1
DA:34,5
DA:35,4
DA:37,1
DA:40,5
DA:41,5
DA:42,5
DA:48,7
DA:49,7
DA:50,7
DA:51,7
DA:52,7
DA:53,7
DA:54,7
DA:55,3
DA:57,4
DA:60,7
DA:61,7
DA:63,7
DA:64,0
DA:66,7
DA:69,7
DA:70,6
DA:72,1
DA:74,7
DA:124,0
DA:126,0
DA:130,0
DA:131,0
DA:132,0
DA:133,0
DA:150,0
DA:151,0
DA:153,0
DA:154,0
DA:155,0
DA:156,0
DA:157,0
DA:158,0
DA:159,0
DA:160,0
DA:161,0
DA:162,0
DA:163,0
DA:164,0
DA:165,0
DA:166,0
DA:167,0
DA:168,0
DA:169,0
DA:170,0
DA:171,0
DA:172,0
DA:173,0
DA:174,0
DA:175,0
DA:176,0
DA:177,0
DA:186,0
DA:195,15
DA:196,15
DA:197,15
DA:199,37
DA:200,28
DA:201,5
DA:202,6
DA:203,6
DA:204,6
DA:205,6
DA:206,28
DA:207,6
DA:211,15
DA:212,15
DA:215,26
DA:216,26
DA:217,6
DA:218,20
DA:219,20
DA:220,26
DA:225,12
DA:226,12
DA:227,3
DA:228,9
DA:229,9
DA:230,12
DA:233,17
DA:234,17
DA:235,1
DA:236,16
DA:238,16
DA:239,16
DA:240,16
DA:241,7
DA:242,2
DA:243,14
DA:244,16
DA:245,7
DA:246,3
DA:247,13
DA:248,16
DA:249,5
DA:250,5
DA:251,0
DA:252,0
DA:253,11
DA:254,0
DA:256,11
DA:257,17
BRF:0
BRH:0
LF:118
LH:78
end_of_record
SF:/Users/ok/workspace/xechat/src/components/markdown.rs
FN:49,_RNvNvNtNtCs23hgJKj9VmF_6xechat10components8markdown8Markdown19___original_template
FN:22,_RNCNvNtNtCs23hgJKj9VmF_6xechat10components8markdown8Markdown0B7_
FN:24,_RNCNvNtNtCs23hgJKj9VmF_6xechat10components8markdown8Markdowns0_0B7_
FN:38,_RNCNvNtNtCs23hgJKj9VmF_6xechat10components8markdown8Markdowns1_0B7_
FN:49,_RNCNvNtNtCs23hgJKj9VmF_6xechat10components8markdown8Markdowns2_0B7_
FN:49,_RNCNvNtNtCs23hgJKj9VmF_6xechat10components8markdown8Markdowns3_0B7_
FN:23,_RNCNvNtNtCs23hgJKj9VmF_6xechat10components8markdown8Markdowns_0B7_
FN:49,_RNCNvNvNtNtCs23hgJKj9VmF_6xechat10components8markdown8Markdown10___TEMPLATE0B9_
FN:22,_RNCNvNtNtCsaZYDEbcQyjG_6xechat10components8markdown8Markdown0B7_
FN:24,_RNCNvNtNtCsaZYDEbcQyjG_6xechat10components8markdown8Markdowns0_0B7_
FN:38,_RNCNvNtNtCsaZYDEbcQyjG_6xechat10components8markdown8Markdowns1_0B7_
FN:49,_RNCNvNtNtCsaZYDEbcQyjG_6xechat10components8markdown8Markdowns2_0B7_
FN:49,_RNCNvNtNtCsaZYDEbcQyjG_6xechat10components8markdown8Markdowns3_0B7_
FN:23,_RNCNvNtNtCsaZYDEbcQyjG_6xechat10components8markdown8Markdowns_0B7_
FN:49,_RNvNvNtNtCsaZYDEbcQyjG_6xechat10components8markdown8Markdown19___original_template
FN:49,_RNCNvNvNtNtCsaZYDEbcQyjG_6xechat10components8markdown8Markdown10___TEMPLATE0B9_
FNDA:0,_RNvNvNtNtCs23hgJKj9VmF_6xechat10components8markdown8Markdown19___original_template
FNDA:0,_RNCNvNtNtCs23hgJKj9VmF_6xechat10components8markdown8Markdown0B7_
FNDA:0,_RNCNvNtNtCs23hgJKj9VmF_6xechat10components8markdown8Markdowns0_0B7_
FNDA:0,_RNCNvNtNtCs23hgJKj9VmF_6xechat10components8markdown8Markdowns1_0B7_
FNDA:0,_RNCNvNtNtCs23hgJKj9VmF_6xechat10components8markdown8Markdowns2_0B7_
FNDA:0,_RNCNvNtNtCs23hgJKj9VmF_6xechat10components8markdown8Markdowns3_0B7_
FNDA:0,_RNCNvNtNtCs23hgJKj9VmF_6xechat10components8markdown8Markdowns_0B7_
FNDA:0,_RNCNvNvNtNtCs23hgJKj9VmF_6xechat10components8markdown8Markdown10___TEMPLATE0B9_
FNDA:0,_RNCNvNtNtCsaZYDEbcQyjG_6xechat10components8markdown8Markdown0B7_
FNDA:0,_RNCNvNtNtCsaZYDEbcQyjG_6xechat10components8markdown8Markdowns0_0B7_
FNDA:0,_RNCNvNtNtCsaZYDEbcQyjG_6xechat10components8markdown8Markdowns1_0B7_
FNDA:0,_RNCNvNtNtCsaZYDEbcQyjG_6xechat10components8markdown8Markdowns2_0B7_
FNDA:0,_RNCNvNtNtCsaZYDEbcQyjG_6xechat10components8markdown8Markdowns3_0B7_
FNDA:0,_RNCNvNtNtCsaZYDEbcQyjG_6xechat10components8markdown8Markdowns_0B7_
FNDA:0,_RNvNvNtNtCsaZYDEbcQyjG_6xechat10components8markdown8Markdown19___original_template
FNDA:0,_RNCNvNvNtNtCsaZYDEbcQyjG_6xechat10components8markdown8Markdown10___TEMPLATE0B9_
FNF:5
FNH:0
DA:22,0
DA:23,0
DA:24,0
DA:25,0
DA:26,0
DA:27,0
DA:28,0
DA:30,0
DA:32,0
DA:33,0
DA:38,0
DA:39,0
DA:40,0
DA:41,0
DA:49,0
BRF:0
BRH:0
LF:15
LH:0
end_of_record
SF:/Users/ok/workspace/xechat/src/components/modals/delete.rs
FN:58,_RNCNCNvNtNtNtCs23hgJKj9VmF_6xechat10components6modals6delete11DeleteModals8_00Bb_
FN:25,_RNCNvNtNtNtCs23hgJKj9VmF_6xechat10components6modals6delete11DeleteModal0B9_
FN:74,_RNCNvNtNtNtCs23hgJKj9VmF_6xechat10components6modals6delete11DeleteModals0_0B9_
FN:74,_RNCNvNtNtNtCs23hgJKj9VmF_6xechat10components6modals6delete11DeleteModals1_0B9_
FN:37,_RNCNvNtNtNtCs23hgJKj9VmF_6xechat10components6modals6delete11DeleteModals2_0B9_
FN:74,_RNCNvNtNtNtCs23hgJKj9VmF_6xechat10components6modals6delete11DeleteModals3_0B9_
FN:74,_RNCNvNtNtNtCs23hgJKj9VmF_6xechat10components6modals6delete11DeleteModals4_0B9_
FN:74,_RNCNvNtNtNtCs23hgJKj9VmF_6xechat10components6modals6delete11DeleteModals5_0B9_
FN:74,_RNCNvNtNtNtCs23hgJKj9VmF_6xechat10components6modals6delete11DeleteModals6_0B9_
FN:45,_RNCNvNtNtNtCs23hgJKj9VmF_6xechat10components6modals6delete11DeleteModals7_0B9_
FN:54,_RNCNvNtNtNtCs23hgJKj9VmF_6xechat10components6modals6delete11DeleteModals8_0B9_
FN:25,_RNCNvNtNtNtCs23hgJKj9VmF_6xechat10components6modals6delete11DeleteModals_0B9_
FN:25,_RNCNvNvNtNtNtCs23hgJKj9VmF_6xechat10components6modals6delete11DeleteModal10___TEMPLATE0Bb_
FN:74,_RNCNvNvNtNtNtCs23hgJKj9VmF_6xechat10components6modals6delete11DeleteModals0_10___TEMPLATE0Bb_
FN:74,_RNCNvNvNtNtNtCs23hgJKj9VmF_6xechat10components6modals6delete11DeleteModals1_10___TEMPLATE0Bb_
FN:74,_RNCNvNvNtNtNtCs23hgJKj9VmF_6xechat10components6modals6delete11DeleteModals_10___TEMPLATE0Bb_
FN:25,_RNvNvNtNtNtCs23hgJKj9VmF_6xechat10components6modals6delete11DeleteModal19___original_template
FN:74,_RNvNvNtNtNtCs23hgJKj9VmF_6xechat10components6modals6delete11DeleteModals0_19___original_template
FN:74,_RNvNvNtNtNtCs23hgJKj9VmF_6xechat10components6modals6delete11DeleteModals1_19___original_template
FN:74,_RNvNvNtNtNtCs23hgJKj9VmF_6xechat10components6modals6delete11DeleteModals_19___original_template
FN:58,_RNCNCNvNtNtNtCsaZYDEbcQyjG_6xechat10components6modals6delete11DeleteModals8_00Bb_
FN:25,_RNCNvNtNtNtCsaZYDEbcQyjG_6xechat10components6modals6delete11DeleteModal0B9_
FN:74,_RNCNvNtNtNtCsaZYDEbcQyjG_6xechat10components6modals6delete11DeleteModals0_0B9_
FN:74,_RNCNvNtNtNtCsaZYDEbcQyjG_6xechat10components6modals6delete11DeleteModals1_0B9_
FN:37,_RNCNvNtNtNtCsaZYDEbcQyjG_6xechat10components6modals6delete11DeleteModals2_0B9_
FN:74,_RNCNvNtNtNtCsaZYDEbcQyjG_6xechat10components6modals6delete11DeleteModals3_0B9_
FN:74,_RNCNvNtNtNtCsaZYDEbcQyjG_6xechat10components6modals6delete11DeleteModals4_0B9_
FN:74,_RNCNvNtNtNtCsaZYDEbcQyjG_6xechat10components6modals6delete11DeleteModals5_0B9_
FN:74,_RNCNvNtNtNtCsaZYDEbcQyjG_6xechat10components6modals6delete11DeleteModals6_0B9_
FN:45,_RNCNvNtNtNtCsaZYDEbcQyjG_6xechat10components6modals6delete11DeleteModals7_0B9_
FN:54,_RNCNvNtNtNtCsaZYDEbcQyjG_6xechat10components6modals6delete11DeleteModals8_0B9_
FN:25,_RNCNvNtNtNtCsaZYDEbcQyjG_6xechat10components6modals6delete11DeleteModals_0B9_
FN:25,_RNvNvNtNtNtCsaZYDEbcQyjG_6xechat10components6modals6delete11DeleteModal19___original_template
FN:74,_RNvNvNtNtNtCsaZYDEbcQyjG_6xechat10components6modals6delete11DeleteModals0_19___original_template
FN:74,_RNvNvNtNtNtCsaZYDEbcQyjG_6xechat10components6modals6delete11DeleteModals1_19___original_template
FN:74,_RNvNvNtNtNtCsaZYDEbcQyjG_6xechat10components6modals6delete11DeleteModals_19___original_template
FN:25,_RNCNvNvNtNtNtCsaZYDEbcQyjG_6xechat10components6modals6delete11DeleteModal10___TEMPLATE0Bb_
FN:74,_RNCNvNvNtNtNtCsaZYDEbcQyjG_6xechat10components6modals6delete11DeleteModals0_10___TEMPLATE0Bb_
FN:74,_RNCNvNvNtNtNtCsaZYDEbcQyjG_6xechat10components6modals6delete11DeleteModals1_10___TEMPLATE0Bb_
FN:74,_RNCNvNvNtNtNtCsaZYDEbcQyjG_6xechat10components6modals6delete11DeleteModals_10___TEMPLATE0Bb_
FNDA:0,_RNCNCNvNtNtNtCs23hgJKj9VmF_6xechat10components6modals6delete11DeleteModals8_00Bb_
FNDA:0,_RNCNvNtNtNtCs23hgJKj9VmF_6xechat10components6modals6delete11DeleteModal0B9_
FNDA:0,_RNCNvNtNtNtCs23hgJKj9VmF_6xechat10components6modals6delete11DeleteModals0_0B9_
FNDA:0,_RNCNvNtNtNtCs23hgJKj9VmF_6xechat10components6modals6delete11DeleteModals1_0B9_
FNDA:0,_RNCNvNtNtNtCs23hgJKj9VmF_6xechat10components6modals6delete11DeleteModals2_0B9_
FNDA:0,_RNCNvNtNtNtCs23hgJKj9VmF_6xechat10components6modals6delete11DeleteModals3_0B9_
FNDA:0,_RNCNvNtNtNtCs23hgJKj9VmF_6xechat10components6modals6delete11DeleteModals4_0B9_
FNDA:0,_RNCNvNtNtNtCs23hgJKj9VmF_6xechat10components6modals6delete11DeleteModals5_0B9_
FNDA:0,_RNCNvNtNtNtCs23hgJKj9VmF_6xechat10components6modals6delete11DeleteModals6_0B9_
FNDA:0,_RNCNvNtNtNtCs23hgJKj9VmF_6xechat10components6modals6delete11DeleteModals7_0B9_
FNDA:0,_RNCNvNtNtNtCs23hgJKj9VmF_6xechat10components6modals6delete11DeleteModals8_0B9_
FNDA:0,_RNCNvNtNtNtCs23hgJKj9VmF_6xechat10components6modals6delete11DeleteModals_0B9_
FNDA:0,_RNCNvNvNtNtNtCs23hgJKj9VmF_6xechat10components6modals6delete11DeleteModal10___TEMPLATE0Bb_
FNDA:0,_RNCNvNvNtNtNtCs23hgJKj9VmF_6xechat10components6modals6delete11DeleteModals0_10___TEMPLATE0Bb_
FNDA:0,_RNCNvNvNtNtNtCs23hgJKj9VmF_6xechat10components6modals6delete11DeleteModals1_10___TEMPLATE0Bb_
FNDA:0,_RNCNvNvNtNtNtCs23hgJKj9VmF_6xechat10components6modals6delete11DeleteModals_10___TEMPLATE0Bb_
FNDA:0,_RNvNvNtNtNtCs23hgJKj9VmF_6xechat10components6modals6delete11DeleteModal19___original_template
FNDA:0,_RNvNvNtNtNtCs23hgJKj9VmF_6xechat10components6modals6delete11DeleteModals0_19___original_template
FNDA:0,_RNvNvNtNtNtCs23hgJKj9VmF_6xechat10components6modals6delete11DeleteModals1_19___original_template
FNDA:0,_RNvNvNtNtNtCs23hgJKj9VmF_6xechat10components6modals6delete11DeleteModals_19___original_template
FNDA:0,_RNCNCNvNtNtNtCsaZYDEbcQyjG_6xechat10components6modals6delete11DeleteModals8_00Bb_
FNDA:0,_RNCNvNtNtNtCsaZYDEbcQyjG_6xechat10components6modals6delete11DeleteModal0B9_
FNDA:0,_RNCNvNtNtNtCsaZYDEbcQyjG_6xechat10components6modals6delete11DeleteModals0_0B9_
FNDA:0,_RNCNvNtNtNtCsaZYDEbcQyjG_6xechat10components6modals6delete11DeleteModals1_0B9_
FNDA:0,_RNCNvNtNtNtCsaZYDEbcQyjG_6xechat10components6modals6delete11DeleteModals2_0B9_
FNDA:0,_RNCNvNtNtNtCsaZYDEbcQyjG_6xechat10components6modals6delete11DeleteModals3_0B9_
FNDA:0,_RNCNvNtNtNtCsaZYDEbcQyjG_6xechat10components6modals6delete11DeleteModals4_0B9_
FNDA:0,_RNCNvNtNtNtCsaZYDEbcQyjG_6xechat10components6modals6delete11DeleteModals5_0B9_
FNDA:0,_RNCNvNtNtNtCsaZYDEbcQyjG_6xechat10components6modals6delete11DeleteModals6_0B9_
FNDA:0,_RNCNvNtNtNtCsaZYDEbcQyjG_6xechat10components6modals6delete11DeleteModals7_0B9_
FNDA:0,_RNCNvNtNtNtCsaZYDEbcQyjG_6xechat10components6modals6delete11DeleteModals8_0B9_
FNDA:0,_RNCNvNtNtNtCsaZYDEbcQyjG_6xechat10components6modals6delete11DeleteModals_0B9_
FNDA:0,_RNvNvNtNtNtCsaZYDEbcQyjG_6xechat10components6modals6delete11DeleteModal19___original_template
FNDA:0,_RNvNvNtNtNtCsaZYDEbcQyjG_6xechat10components6modals6delete11DeleteModals0_19___original_template
FNDA:0,_RNvNvNtNtNtCsaZYDEbcQyjG_6xechat10components6modals6delete11DeleteModals1_19___original_template
FNDA:0,_RNvNvNtNtNtCsaZYDEbcQyjG_6xechat10components6modals6delete11DeleteModals_19___original_template
FNDA:0,_RNCNvNvNtNtNtCsaZYDEbcQyjG_6xechat10components6modals6delete11DeleteModal10___TEMPLATE0Bb_
FNDA:0,_RNCNvNvNtNtNtCsaZYDEbcQyjG_6xechat10components6modals6delete11DeleteModals0_10___TEMPLATE0Bb_
FNDA:0,_RNCNvNvNtNtNtCsaZYDEbcQyjG_6xechat10components6modals6delete11DeleteModals1_10___TEMPLATE0Bb_
FNDA:0,_RNCNvNvNtNtNtCsaZYDEbcQyjG_6xechat10components6modals6delete11DeleteModals_10___TEMPLATE0Bb_
FNF:6
FNH:0
DA:25,0
DA:37,0
DA:45,0
DA:54,0
DA:55,0
DA:56,0
DA:57,0
DA:58,0
DA:59,0
DA:60,0
DA:61,0
DA:62,0
DA:63,0
DA:66,0
DA:67,0
DA:68,0
DA:74,0
BRF:0
BRH:0
LF:18
LH:0
end_of_record
SF:/Users/ok/workspace/xechat/src/components/modals/modal.rs
FN:67,_RNvNvNtNtNtCs23hgJKj9VmF_6xechat10components6modals5modal11ModalFooter19___original_template
FN:21,_RNvNvNtNtNtCs23hgJKj9VmF_6xechat10components6modals5modal5Modal19___original_template
FN:51,_RNvNvNtNtNtCs23hgJKj9VmF_6xechat10components6modals5modal5Modals_19___original_template
FN:67,_RNCNvNtNtNtCs23hgJKj9VmF_6xechat10components6modals5modal11ModalFooter0B9_
FN:67,_RNCNvNtNtNtCs23hgJKj9VmF_6xechat10components6modals5modal11ModalFooters_0B9_
FN:24,_RNCNvNtNtNtCs23hgJKj9VmF_6xechat10components6modals5modal5Modal0B9_
FN:21,_RNCNvNtNtNtCs23hgJKj9VmF_6xechat10components6modals5modal5Modals0_0B9_
FN:51,_RNCNvNtNtNtCs23hgJKj9VmF_6xechat10components6modals5modal5Modals1_0B9_
FN:51,_RNCNvNtNtNtCs23hgJKj9VmF_6xechat10components6modals5modal5Modals2_0B9_
FN:29,_RNCNvNtNtNtCs23hgJKj9VmF_6xechat10components6modals5modal5Modals3_0B9_
FN:32,_RNCNvNtNtNtCs23hgJKj9VmF_6xechat10components6modals5modal5Modals4_0B9_
FN:21,_RNCNvNtNtNtCs23hgJKj9VmF_6xechat10components6modals5modal5Modals_0B9_
FN:67,_RNCNvNvNtNtNtCs23hgJKj9VmF_6xechat10components6modals5modal11ModalFooter10___TEMPLATE0Bb_
FN:21,_RNCNvNvNtNtNtCs23hgJKj9VmF_6xechat10components6modals5modal5Modal10___TEMPLATE0Bb_
FN:51,_RNCNvNvNtNtNtCs23hgJKj9VmF_6xechat10components6modals5modal5Modals_10___TEMPLATE0Bb_
FN:67,_RNCNvNvNtNtNtCsaZYDEbcQyjG_6xechat10components6modals5modal11ModalFooter10___TEMPLATE0Bb_
FN:21,_RNCNvNvNtNtNtCsaZYDEbcQyjG_6xechat10components6modals5modal5Modal10___TEMPLATE0Bb_
FN:51,_RNCNvNvNtNtNtCsaZYDEbcQyjG_6xechat10components6modals5modal5Modals_10___TEMPLATE0Bb_
FN:67,_RNCNvNtNtNtCsaZYDEbcQyjG_6xechat10components6modals5modal11ModalFooter0B9_
FN:67,_RNCNvNtNtNtCsaZYDEbcQyjG_6xechat10components6modals5modal11ModalFooters_0B9_
FN:24,_RNCNvNtNtNtCsaZYDEbcQyjG_6xechat10components6modals5modal5Modal0B9_
FN:21,_RNCNvNtNtNtCsaZYDEbcQyjG_6xechat10components6modals5modal5Modals0_0B9_
FN:51,_RNCNvNtNtNtCsaZYDEbcQyjG_6xechat10components6modals5modal5Modals1_0B9_
FN:51,_RNCNvNtNtNtCsaZYDEbcQyjG_6xechat10components6modals5modal5Modals2_0B9_
FN:29,_RNCNvNtNtNtCsaZYDEbcQyjG_6xechat10components6modals5modal5Modals3_0B9_
FN:32,_RNCNvNtNtNtCsaZYDEbcQyjG_6xechat10components6modals5modal5Modals4_0B9_
FN:21,_RNCNvNtNtNtCsaZYDEbcQyjG_6xechat10components6modals5modal5Modals_0B9_
FN:67,_RNvNvNtNtNtCsaZYDEbcQyjG_6xechat10components6modals5modal11ModalFooter19___original_template
FN:21,_RNvNvNtNtNtCsaZYDEbcQyjG_6xechat10components6modals5modal5Modal19___original_template
FN:51,_RNvNvNtNtNtCsaZYDEbcQyjG_6xechat10components6modals5modal5Modals_19___original_template
FNDA:0,_RNvNvNtNtNtCs23hgJKj9VmF_6xechat10components6modals5modal11ModalFooter19___original_template
FNDA:0,_RNvNvNtNtNtCs23hgJKj9VmF_6xechat10components6modals5modal5Modal19___original_template
FNDA:0,_RNvNvNtNtNtCs23hgJKj9VmF_6xechat10components6modals5modal5Modals_19___original_template
FNDA:0,_RNCNvNtNtNtCs23hgJKj9VmF_6xechat10components6modals5modal11ModalFooter0B9_
FNDA:0,_RNCNvNtNtNtCs23hgJKj9VmF_6xechat10components6modals5modal11ModalFooters_0B9_
FNDA:0,_RNCNvNtNtNtCs23hgJKj9VmF_6xechat10components6modals5modal5Modal0B9_
FNDA:0,_RNCNvNtNtNtCs23hgJKj9VmF_6xechat10components6modals5modal5Modals0_0B9_
FNDA:0,_RNCNvNtNtNtCs23hgJKj9VmF_6xechat10components6modals5modal5Modals1_0B9_
FNDA:0,_RNCNvNtNtNtCs23hgJKj9VmF_6xechat10components6modals5modal5Modals2_0B9_
FNDA:0,_RNCNvNtNtNtCs23hgJKj9VmF_6xechat10components6modals5modal5Modals3_0B9_
FNDA:0,_RNCNvNtNtNtCs23hgJKj9VmF_6xechat10components6modals5modal5Modals4_0B9_
FNDA:0,_RNCNvNtNtNtCs23hgJKj9VmF_6xechat10components6modals5modal5Modals_0B9_
FNDA:0,_RNCNvNvNtNtNtCs23hgJKj9VmF_6xechat10components6modals5modal11ModalFooter10___TEMPLATE0Bb_
FNDA:0,_RNCNvNvNtNtNtCs23hgJKj9VmF_6xechat10components6modals5modal5Modal10___TEMPLATE0Bb_
FNDA:0,_RNCNvNvNtNtNtCs23hgJKj9VmF_6xechat10components6modals5modal5Modals_10___TEMPLATE0Bb_
FNDA:0,_RNCNvNvNtNtNtCsaZYDEbcQyjG_6xechat10components6modals5modal11ModalFooter10___TEMPLATE0Bb_
FNDA:0,_RNCNvNvNtNtNtCsaZYDEbcQyjG_6xechat10components6modals5modal5Modal10___TEMPLATE0Bb_
FNDA:0,_RNCNvNvNtNtNtCsaZYDEbcQyjG_6xechat10components6modals5modal5Modals_10___TEMPLATE0Bb_
FNDA:0,_RNCNvNtNtNtCsaZYDEbcQyjG_6xechat10components6modals5modal11ModalFooter0B9_
FNDA:0,_RNCNvNtNtNtCsaZYDEbcQyjG_6xechat10components6modals5modal11ModalFooters_0B9_
FNDA:0,_RNCNvNtNtNtCsaZYDEbcQyjG_6xechat10components6modals5modal5Modal0B9_
FNDA:0,_RNCNvNtNtNtCsaZYDEbcQyjG_6xechat10components6modals5modal5Modals0_0B9_
FNDA:0,_RNCNvNtNtNtCsaZYDEbcQyjG_6xechat10components6modals5modal5Modals1_0B9_
FNDA:0,_RNCNvNtNtNtCsaZYDEbcQyjG_6xechat10components6modals5modal5Modals2_0B9_
FNDA:0,_RNCNvNtNtNtCsaZYDEbcQyjG_6xechat10components6modals5modal5Modals3_0B9_
FNDA:0,_RNCNvNtNtNtCsaZYDEbcQyjG_6xechat10components6modals5modal5Modals4_0B9_
FNDA:0,_RNCNvNtNtNtCsaZYDEbcQyjG_6xechat10components6modals5modal5Modals_0B9_
FNDA:0,_RNvNvNtNtNtCsaZYDEbcQyjG_6xechat10components6modals5modal11ModalFooter19___original_template
FNDA:0,_RNvNvNtNtNtCsaZYDEbcQyjG_6xechat10components6modals5modal5Modal19___original_template
FNDA:0,_RNvNvNtNtNtCsaZYDEbcQyjG_6xechat10components6modals5modal5Modals_19___original_template
FNF:6
FNH:0
DA:21,0
DA:24,0
DA:29,0
DA:32,0
DA:51,0
DA:67,0
BRF:0
BRH:0
LF:6
LH:0
end_of_record
SF:/Users/ok/workspace/xechat/src/components/modals/rename.rs
FN:93,_RNCNCNvNtNtNtCs23hgJKj9VmF_6xechat10components6modals6rename11RenameModalsb_00Bb_
FN:60,_RNCNCNvNtNtNtCs23hgJKj9VmF_6xechat10components6modals6rename11RenameModalsd_00Bb_
FN:29,_RNCNvNtNtNtCs23hgJKj9VmF_6xechat10components6modals6rename11RenameModal0B9_
FN:31,_RNCNvNtNtNtCs23hgJKj9VmF_6xechat10components6modals6rename11RenameModals0_0B9_
FN:25,_RNCNvNtNtNtCs23hgJKj9VmF_6xechat10components6modals6rename11RenameModals1_0B9_
FN:25,_RNCNvNtNtNtCs23hgJKj9VmF_6xechat10components6modals6rename11RenameModals2_0B9_
FN:109,_RNCNvNtNtNtCs23hgJKj9VmF_6xechat10components6modals6rename11RenameModals3_0B9_
FN:109,_RNCNvNtNtNtCs23hgJKj9VmF_6xechat10components6modals6rename11RenameModals4_0B9_
FN:42,_RNCNvNtNtNtCs23hgJKj9VmF_6xechat10components6modals6rename11RenameModals5_0B9_
FN:109,_RNCNvNtNtNtCs23hgJKj9VmF_6xechat10components6modals6rename11RenameModals6_0B9_
FN:109,_RNCNvNtNtNtCs23hgJKj9VmF_6xechat10components6modals6rename11RenameModals7_0B9_
FN:109,_RNCNvNtNtNtCs23hgJKj9VmF_6xechat10components6modals6rename11RenameModals8_0B9_
FN:109,_RNCNvNtNtNtCs23hgJKj9VmF_6xechat10components6modals6rename11RenameModals9_0B9_
FN:29,_RNCNvNtNtNtCs23hgJKj9VmF_6xechat10components6modals6rename11RenameModals_0B9_
FN:77,_RNCNvNtNtNtCs23hgJKj9VmF_6xechat10components6modals6rename11RenameModalsa_0B9_
FN:87,_RNCNvNtNtNtCs23hgJKj9VmF_6xechat10components6modals6rename11RenameModalsb_0B9_
FN:47,_RNCNvNtNtNtCs23hgJKj9VmF_6xechat10components6modals6rename11RenameModalsc_0B9_
FN:53,_RNCNvNtNtNtCs23hgJKj9VmF_6xechat10components6modals6rename11RenameModalsd_0B9_
FN:25,_RNCNvNvNtNtNtCs23hgJKj9VmF_6xechat10components6modals6rename11RenameModal10___TEMPLATE0Bb_
FN:109,_RNCNvNvNtNtNtCs23hgJKj9VmF_6xechat10components6modals6rename11RenameModals0_10___TEMPLATE0Bb_
FN:109,_RNCNvNvNtNtNtCs23hgJKj9VmF_6xechat10components6modals6rename11RenameModals1_10___TEMPLATE0Bb_
FN:109,_RNCNvNvNtNtNtCs23hgJKj9VmF_6xechat10components6modals6rename11RenameModals_10___TEMPLATE0Bb_
FN:25,_RNvNvNtNtNtCs23hgJKj9VmF_6xechat10components6modals6rename11RenameModal19___original_template
FN:109,_RNvNvNtNtNtCs23hgJKj9VmF_6xechat10components6modals6rename11RenameModals0_19___original_template
FN:109,_RNvNvNtNtNtCs23hgJKj9VmF_6xechat10components6modals6rename11RenameModals1_19___original_template
FN:109,_RNvNvNtNtNtCs23hgJKj9VmF_6xechat10components6modals6rename11RenameModals_19___original_template
FN:25,_RNCNvNvNtNtNtCsaZYDEbcQyjG_6xechat10components6modals6rename11RenameModal10___TEMPLATE0Bb_
FN:109,_RNCNvNvNtNtNtCsaZYDEbcQyjG_6xechat10components6modals6rename11RenameModals0_10___TEMPLATE0Bb_
FN:109,_RNCNvNvNtNtNtCsaZYDEbcQyjG_6xechat10components6modals6rename11RenameModals1_10___TEMPLATE0Bb_
FN:109,_RNCNvNvNtNtNtCsaZYDEbcQyjG_6xechat10components6modals6rename11RenameModals_10___TEMPLATE0Bb_
FN:93,_RNCNCNvNtNtNtCsaZYDEbcQyjG_6xechat10components6modals6rename11RenameModalsb_00Bb_
FN:60,_RNCNCNvNtNtNtCsaZYDEbcQyjG_6xechat10components6modals6rename11RenameModalsd_00Bb_
FN:29,_RNCNvNtNtNtCsaZYDEbcQyjG_6xechat10components6modals6rename11RenameModal0B9_
FN:31,_RNCNvNtNtNtCsaZYDEbcQyjG_6xechat10components6modals6rename11RenameModals0_0B9_
FN:25,_RNCNvNtNtNtCsaZYDEbcQyjG_6xechat10components6modals6rename11RenameModals1_0B9_
FN:25,_RNCNvNtNtNtCsaZYDEbcQyjG_6xechat10components6modals6rename11RenameModals2_0B9_
FN:109,_RNCNvNtNtNtCsaZYDEbcQyjG_6xechat10components6modals6rename11RenameModals3_0B9_
FN:109,_RNCNvNtNtNtCsaZYDEbcQyjG_6xechat10components6modals6rename11RenameModals4_0B9_
FN:42,_RNCNvNtNtNtCsaZYDEbcQyjG_6xechat10components6modals6rename11RenameModals5_0B9_
FN:109,_RNCNvNtNtNtCsaZYDEbcQyjG_6xechat10components6modals6rename11RenameModals6_0B9_
FN:109,_RNCNvNtNtNtCsaZYDEbcQyjG_6xechat10components6modals6rename11RenameModals7_0B9_
FN:109,_RNCNvNtNtNtCsaZYDEbcQyjG_6xechat10components6modals6rename11RenameModals8_0B9_
FN:109,_RNCNvNtNtNtCsaZYDEbcQyjG_6xechat10components6modals6rename11RenameModals9_0B9_
FN:29,_RNCNvNtNtNtCsaZYDEbcQyjG_6xechat10components6modals6rename11RenameModals_0B9_
FN:77,_RNCNvNtNtNtCsaZYDEbcQyjG_6xechat10components6modals6rename11RenameModalsa_0B9_
FN:87,_RNCNvNtNtNtCsaZYDEbcQyjG_6xechat10components6modals6rename11RenameModalsb_0B9_
FN:47,_RNCNvNtNtNtCsaZYDEbcQyjG_6xechat10components6modals6rename11RenameModalsc_0B9_
FN:53,_RNCNvNtNtNtCsaZYDEbcQyjG_6xechat10components6modals6rename11RenameModalsd_0B9_
FN:25,_RNvNvNtNtNtCsaZYDEbcQyjG_6xechat10components6modals6rename11RenameModal19___original_template
FN:109,_RNvNvNtNtNtCsaZYDEbcQyjG_6xechat10components6modals6rename11RenameModals0_19___original_template
FN:109,_RNvNvNtNtNtCsaZYDEbcQyjG_6xechat10components6modals6rename11RenameModals1_19___original_template
FN:109,_RNvNvNtNtNtCsaZYDEbcQyjG_6xechat10components6modals6rename11RenameModals_19___original_template
FNDA:0,_RNCNCNvNtNtNtCs23hgJKj9VmF_6xechat10components6modals6rename11RenameModalsb_00Bb_
FNDA:0,_RNCNCNvNtNtNtCs23hgJKj9VmF_6xechat10components6modals6rename11RenameModalsd_00Bb_
FNDA:0,_RNCNvNtNtNtCs23hgJKj9VmF_6xechat10components6modals6rename11RenameModal0B9_
FNDA:0,_RNCNvNtNtNtCs23hgJKj9VmF_6xechat10components6modals6rename11RenameModals0_0B9_
FNDA:0,_RNCNvNtNtNtCs23hgJKj9VmF_6xechat10components6modals6rename11RenameModals1_0B9_
FNDA:0,_RNCNvNtNtNtCs23hgJKj9VmF_6xechat10components6modals6rename11RenameModals2_0B9_
FNDA:0,_RNCNvNtNtNtCs23hgJKj9VmF_6xechat10components6modals6rename11RenameModals3_0B9_
FNDA:0,_RNCNvNtNtNtCs23hgJKj9VmF_6xechat10components6modals6rename11RenameModals4_0B9_
FNDA:0,_RNCNvNtNtNtCs23hgJKj9VmF_6xechat10components6modals6rename11RenameModals5_0B9_
FNDA:0,_RNCNvNtNtNtCs23hgJKj9VmF_6xechat10components6modals6rename11RenameModals6_0B9_
FNDA:0,_RNCNvNtNtNtCs23hgJKj9VmF_6xechat10components6modals6rename11RenameModals7_0B9_
FNDA:0,_RNCNvNtNtNtCs23hgJKj9VmF_6xechat10components6modals6rename11RenameModals8_0B9_
FNDA:0,_RNCNvNtNtNtCs23hgJKj9VmF_6xechat10components6modals6rename11RenameModals9_0B9_
FNDA:0,_RNCNvNtNtNtCs23hgJKj9VmF_6xechat10components6modals6rename11RenameModals_0B9_
FNDA:0,_RNCNvNtNtNtCs23hgJKj9VmF_6xechat10components6modals6rename11RenameModalsa_0B9_
FNDA:0,_RNCNvNtNtNtCs23hgJKj9VmF_6xechat10components6modals6rename11RenameModalsb_0B9_
FNDA:0,_RNCNvNtNtNtCs23hgJKj9VmF_6xechat10components6modals6rename11RenameModalsc_0B9_
FNDA:0,_RNCNvNtNtNtCs23hgJKj9VmF_6xechat10components6modals6rename11RenameModalsd_0B9_
FNDA:0,_RNCNvNvNtNtNtCs23hgJKj9VmF_6xechat10components6modals6rename11RenameModal10___TEMPLATE0Bb_
FNDA:0,_RNCNvNvNtNtNtCs23hgJKj9VmF_6xechat10components6modals6rename11RenameModals0_10___TEMPLATE0Bb_
FNDA:0,_RNCNvNvNtNtNtCs23hgJKj9VmF_6xechat10components6modals6rename11RenameModals1_10___TEMPLATE0Bb_
FNDA:0,_RNCNvNvNtNtNtCs23hgJKj9VmF_6xechat10components6modals6rename11RenameModals_10___TEMPLATE0Bb_
FNDA:0,_RNvNvNtNtNtCs23hgJKj9VmF_6xechat10components6modals6rename11RenameModal19___original_template
FNDA:0,_RNvNvNtNtNtCs23hgJKj9VmF_6xechat10components6modals6rename11RenameModals0_19___original_template
FNDA:0,_RNvNvNtNtNtCs23hgJKj9VmF_6xechat10components6modals6rename11RenameModals1_19___original_template
FNDA:0,_RNvNvNtNtNtCs23hgJKj9VmF_6xechat10components6modals6rename11RenameModals_19___original_template
FNDA:0,_RNCNvNvNtNtNtCsaZYDEbcQyjG_6xechat10components6modals6rename11RenameModal10___TEMPLATE0Bb_
FNDA:0,_RNCNvNvNtNtNtCsaZYDEbcQyjG_6xechat10components6modals6rename11RenameModals0_10___TEMPLATE0Bb_
FNDA:0,_RNCNvNvNtNtNtCsaZYDEbcQyjG_6xechat10components6modals6rename11RenameModals1_10___TEMPLATE0Bb_
FNDA:0,_RNCNvNvNtNtNtCsaZYDEbcQyjG_6xechat10components6modals6rename11RenameModals_10___TEMPLATE0Bb_
FNDA:0,_RNCNCNvNtNtNtCsaZYDEbcQyjG_6xechat10components6modals6rename11RenameModalsb_00Bb_
FNDA:0,_RNCNCNvNtNtNtCsaZYDEbcQyjG_6xechat10components6modals6rename11RenameModalsd_00Bb_
FNDA:0,_RNCNvNtNtNtCsaZYDEbcQyjG_6xechat10components6modals6rename11RenameModal0B9_
FNDA:0,_RNCNvNtNtNtCsaZYDEbcQyjG_6xechat10components6modals6rename11RenameModals0_0B9_
FNDA:0,_RNCNvNtNtNtCsaZYDEbcQyjG_6xechat10components6modals6rename11RenameModals1_0B9_
FNDA:0,_RNCNvNtNtNtCsaZYDEbcQyjG_6xechat10components6modals6rename11RenameModals2_0B9_
FNDA:0,_RNCNvNtNtNtCsaZYDEbcQyjG_6xechat10components6modals6rename11RenameModals3_0B9_
FNDA:0,_RNCNvNtNtNtCsaZYDEbcQyjG_6xechat10components6modals6rename11RenameModals4_0B9_
FNDA:0,_RNCNvNtNtNtCsaZYDEbcQyjG_6xechat10components6modals6rename11RenameModals5_0B9_
FNDA:0,_RNCNvNtNtNtCsaZYDEbcQyjG_6xechat10components6modals6rename11RenameModals6_0B9_
FNDA:0,_RNCNvNtNtNtCsaZYDEbcQyjG_6xechat10components6modals6rename11RenameModals7_0B9_
FNDA:0,_RNCNvNtNtNtCsaZYDEbcQyjG_6xechat10components6modals6rename11RenameModals8_0B9_
FNDA:0,_RNCNvNtNtNtCsaZYDEbcQyjG_6xechat10components6modals6rename11RenameModals9_0B9_
FNDA:0,_RNCNvNtNtNtCsaZYDEbcQyjG_6xechat10components6modals6rename11RenameModals_0B9_
FNDA:0,_RNCNvNtNtNtCsaZYDEbcQyjG_6xechat10components6modals6rename11RenameModalsa_0B9_
FNDA:0,_RNCNvNtNtNtCsaZYDEbcQyjG_6xechat10components6modals6rename11RenameModalsb_0B9_
FNDA:0,_RNCNvNtNtNtCsaZYDEbcQyjG_6xechat10components6modals6rename11RenameModalsc_0B9_
FNDA:0,_RNCNvNtNtNtCsaZYDEbcQyjG_6xechat10components6modals6rename11RenameModalsd_0B9_
FNDA:0,_RNvNvNtNtNtCsaZYDEbcQyjG_6xechat10components6modals6rename11RenameModal19___original_template
FNDA:0,_RNvNvNtNtNtCsaZYDEbcQyjG_6xechat10components6modals6rename11RenameModals0_19___original_template
FNDA:0,_RNvNvNtNtNtCsaZYDEbcQyjG_6xechat10components6modals6rename11RenameModals1_19___original_template
FNDA:0,_RNvNvNtNtNtCsaZYDEbcQyjG_6xechat10components6modals6rename11RenameModals_19___original_template
FNF:12
FNH:0
DA:25,0
DA:29,0
DA:31,0
DA:42,0
DA:47,0
DA:53,0
DA:54,0
DA:55,0
DA:56,0
DA:57,0
DA:58,0
DA:59,0
DA:60,0
DA:61,0
DA:62,0
DA:63,0
DA:64,0
DA:65,0
DA:68,0
DA:69,0
DA:70,0
DA:71,0
DA:77,0
DA:87,0
DA:88,0
DA:89,0
DA:90,0
DA:91,0
DA:92,0
DA:93,0
DA:94,0
DA:95,0
DA:96,0
DA:97,0
DA:98,0
DA:101,0
DA:102,0
DA:103,0
DA:109,0
BRF:0
BRH:0
LF:42
LH:0
end_of_record
SF:/Users/ok/workspace/xechat/src/components/notification.rs
FN:60,_RNCNCNCNvNtNtCs23hgJKj9VmF_6xechat10components12notification12Notifications_000Bb_
FN:57,_RNCNCNvNtNtCs23hgJKj9VmF_6xechat10components12notification12Notifications_00B9_
FN:78,_RNCNvNtNtCs23hgJKj9VmF_6xechat10components12notification12Notifications0_0B7_
FN:70,_RNCNvNtNtCs23hgJKj9VmF_6xechat10components12notification12Notifications1_0B7_
FN:70,_RNCNvNtNtCs23hgJKj9VmF_6xechat10components12notification12Notifications2_0B7_
FN:90,_RNCNvNtNtCs23hgJKj9VmF_6xechat10components12notification12Notifications3_0B7_
FN:90,_RNCNvNtNtCs23hgJKj9VmF_6xechat10components12notification12Notifications4_0B7_
FN:53,_RNCNvNtNtCs23hgJKj9VmF_6xechat10components12notification12Notifications_0B7_
FN:70,_RNCNvNvNtNtCs23hgJKj9VmF_6xechat10components12notification12Notification10___TEMPLATE0B9_
FN:90,_RNCNvNvNtNtCs23hgJKj9VmF_6xechat10components12notification12Notifications_10___TEMPLATE0B9_
FN:11,_RNvNtNtCs23hgJKj9VmF_6xechat10components12notification14toast_durationB5_
FN:41,_RNvNvNtNtCs23hgJKj9VmF_6xechat10components12notification12Notification16visibility_class
FN:20,_RNvNvNtNtCs23hgJKj9VmF_6xechat10components12notification12Notification17toast_kind_styles
FN:70,_RNvNvNtNtCs23hgJKj9VmF_6xechat10components12notification12Notification19___original_template
FN:90,_RNvNvNtNtCs23hgJKj9VmF_6xechat10components12notification12Notifications_19___original_template
FN:11,_RNvNtNtCs23hgJKj9VmF_6xechat10components12notification14toast_durationCs3jLfFnzkwH7_36components_notification_helpers_test
FN:60,_RNCNCNCNvNtNtCsaZYDEbcQyjG_6xechat10components12notification12Notifications_000Bb_
FN:57,_RNCNCNvNtNtCsaZYDEbcQyjG_6xechat10components12notification12Notifications_00B9_
FN:78,_RNCNvNtNtCsaZYDEbcQyjG_6xechat10components12notification12Notifications0_0B7_
FN:70,_RNCNvNtNtCsaZYDEbcQyjG_6xechat10components12notification12Notifications1_0B7_
FN:70,_RNCNvNtNtCsaZYDEbcQyjG_6xechat10components12notification12Notifications2_0B7_
FN:90,_RNCNvNtNtCsaZYDEbcQyjG_6xechat10components12notification12Notifications3_0B7_
FN:90,_RNCNvNtNtCsaZYDEbcQyjG_6xechat10components12notification12Notifications4_0B7_
FN:53,_RNCNvNtNtCsaZYDEbcQyjG_6xechat10components12notification12Notifications_0B7_
FN:11,_RNvNtNtCsaZYDEbcQyjG_6xechat10components12notification14toast_durationB5_
FN:41,_RNvNvNtNtCsaZYDEbcQyjG_6xechat10components12notification12Notification16visibility_class
FN:20,_RNvNvNtNtCsaZYDEbcQyjG_6xechat10components12notification12Notification17toast_kind_styles
FN:70,_RNvNvNtNtCsaZYDEbcQyjG_6xechat10components12notification12Notification19___original_template
FN:90,_RNvNvNtNtCsaZYDEbcQyjG_6xechat10components12notification12Notifications_19___original_template
FN:70,_RNCNvNvNtNtCsaZYDEbcQyjG_6xechat10components12notification12Notification10___TEMPLATE0B9_
FN:90,_RNCNvNvNtNtCsaZYDEbcQyjG_6xechat10components12notification12Notifications_10___TEMPLATE0B9_
FNDA:0,_RNCNCNCNvNtNtCs23hgJKj9VmF_6xechat10components12notification12Notifications_000Bb_
FNDA:0,_RNCNCNvNtNtCs23hgJKj9VmF_6xechat10components12notification12Notifications_00B9_
FNDA:0,_RNCNvNtNtCs23hgJKj9VmF_6xechat10components12notification12Notifications0_0B7_
FNDA:0,_RNCNvNtNtCs23hgJKj9VmF_6xechat10components12notification12Notifications1_0B7_
FNDA:0,_RNCNvNtNtCs23hgJKj9VmF_6xechat10components12notification12Notifications2_0B7_
FNDA:0,_RNCNvNtNtCs23hgJKj9VmF_6xechat10components12notification12Notifications3_0B7_
FNDA:0,_RNCNvNtNtCs23hgJKj9VmF_6xechat10components12notification12Notifications4_0B7_
FNDA:0,_RNCNvNtNtCs23hgJKj9VmF_6xechat10components12notification12Notifications_0B7_
FNDA:0,_RNCNvNvNtNtCs23hgJKj9VmF_6xechat10components12notification12Notification10___TEMPLATE0B9_
FNDA:0,_RNCNvNvNtNtCs23hgJKj9VmF_6xechat10components12notification12Notifications_10___TEMPLATE0B9_
FNDA:0,_RNvNtNtCs23hgJKj9VmF_6xechat10components12notification14toast_durationB5_
FNDA:0,_RNvNvNtNtCs23hgJKj9VmF_6xechat10components12notification12Notification16visibility_class
FNDA:0,_RNvNvNtNtCs23hgJKj9VmF_6xechat10components12notification12Notification17toast_kind_styles
FNDA:0,_RNvNvNtNtCs23hgJKj9VmF_6xechat10components12notification12Notification19___original_template
FNDA:0,_RNvNvNtNtCs23hgJKj9VmF_6xechat10components12notification12Notifications_19___original_template
FNDA:4,_RNvNtNtCs23hgJKj9VmF_6xechat10components12notification14toast_durationCs3jLfFnzkwH7_36components_notification_helpers_test
FNDA:0,_RNCNCNCNvNtNtCsaZYDEbcQyjG_6xechat10components12notification12Notifications_000Bb_
FNDA:0,_RNCNCNvNtNtCsaZYDEbcQyjG_6xechat10components12notification12Notifications_00B9_
FNDA:0,_RNCNvNtNtCsaZYDEbcQyjG_6xechat10components12notification12Notifications0_0B7_
FNDA:0,_RNCNvNtNtCsaZYDEbcQyjG_6xechat10components12notification12Notifications1_0B7_
FNDA:0,_RNCNvNtNtCsaZYDEbcQyjG_6xechat10components12notification12Notifications2_0B7_
FNDA:0,_RNCNvNtNtCsaZYDEbcQyjG_6xechat10components12notification12Notifications3_0B7_
FNDA:0,_RNCNvNtNtCsaZYDEbcQyjG_6xechat10components12notification12Notifications4_0B7_
FNDA:0,_RNCNvNtNtCsaZYDEbcQyjG_6xechat10components12notification12Notifications_0B7_
FNDA:0,_RNvNtNtCsaZYDEbcQyjG_6xechat10components12notification14toast_durationB5_
FNDA:0,_RNvNvNtNtCsaZYDEbcQyjG_6xechat10components12notification12Notification16visibility_class
FNDA:0,_RNvNvNtNtCsaZYDEbcQyjG_6xechat10components12notification12Notification17toast_kind_styles
FNDA:0,_RNvNvNtNtCsaZYDEbcQyjG_6xechat10components12notification12Notification19___original_template
FNDA:0,_RNvNvNtNtCsaZYDEbcQyjG_6xechat10components12notification12Notifications_19___original_template
FNDA:0,_RNCNvNvNtNtCsaZYDEbcQyjG_6xechat10components12notification12Notification10___TEMPLATE0B9_
FNDA:0,_RNCNvNvNtNtCsaZYDEbcQyjG_6xechat10components12notification12Notifications_10___TEMPLATE0B9_
FNF:9
FNH:1
DA:11,4
DA:12,4
DA:13,4
DA:20,0
DA:21,0
DA:22,0
DA:23,0
DA:24,0
DA:25,0
DA:26,0
DA:27,0
DA:28,0
DA:29,0
DA:30,0
DA:31,0
DA:32,0
DA:33,0
DA:34,0
DA:35,0
DA:36,0
DA:38,0
DA:41,0
DA:42,0
DA:43,0
DA:45,0
DA:47,0
DA:53,0
DA:54,0
DA:55,0
DA:56,0
DA:57,0
DA:58,0
DA:59,0
DA:60,0
DA:61,0
DA:62,0
DA:63,0
DA:64,0
DA:65,0
DA:66,0
DA:70,0
DA:78,0
DA:90,0
BRF:0
BRH:0
LF:45
LH:3
end_of_record
SF:/Users/ok/workspace/xechat/src/components/sidebar.rs
FN:40,_RNvNCNvNtNtCs23hgJKj9VmF_6xechat10components7sidebar7Sidebars4_019___original_template
FN:45,_RNvNvNtNtCs23hgJKj9VmF_6xechat10components7sidebar7Sidebar19___original_template
FN:40,_RNvNvNtNtCs23hgJKj9VmF_6xechat10components7sidebar7Sidebars_19___original_template
FN:40,_RNCNCNvNtNtCs23hgJKj9VmF_6xechat10components7sidebar7Sidebars4_00B9_
FN:40,_RNCNCNvNtNtCs23hgJKj9VmF_6xechat10components7sidebar7Sidebars4_0s_0B9_
FN:40,_RNCNvNCNvNtNtCs23hgJKj9VmF_6xechat10components7sidebar7Sidebars4_010___TEMPLATE0Bb_
FN:16,_RNCNvNtNtCs23hgJKj9VmF_6xechat10components7sidebar7Sidebar0B7_
FN:45,_RNCNvNtNtCs23hgJKj9VmF_6xechat10components7sidebar7Sidebars0_0B7_
FN:30,_RNCNvNtNtCs23hgJKj9VmF_6xechat10components7sidebar7Sidebars1_0B7_
FN:40,_RNCNvNtNtCs23hgJKj9VmF_6xechat10components7sidebar7Sidebars2_0B7_
FN:40,_RNCNvNtNtCs23hgJKj9VmF_6xechat10components7sidebar7Sidebars3_0B7_
FN:40,_RNCNvNtNtCs23hgJKj9VmF_6xechat10components7sidebar7Sidebars4_0B7_
FN:45,_RNCNvNtNtCs23hgJKj9VmF_6xechat10components7sidebar7Sidebars_0B7_
FN:45,_RNCNvNvNtNtCs23hgJKj9VmF_6xechat10components7sidebar7Sidebar10___TEMPLATE0B9_
FN:40,_RNCNvNvNtNtCs23hgJKj9VmF_6xechat10components7sidebar7Sidebars_10___TEMPLATE0B9_
FN:40,_RNCNCNvNtNtCsaZYDEbcQyjG_6xechat10components7sidebar7Sidebars4_00B9_
FN:40,_RNCNCNvNtNtCsaZYDEbcQyjG_6xechat10components7sidebar7Sidebars4_0s_0B9_
FN:16,_RNCNvNtNtCsaZYDEbcQyjG_6xechat10components7sidebar7Sidebar0B7_
FN:45,_RNCNvNtNtCsaZYDEbcQyjG_6xechat10components7sidebar7Sidebars0_0B7_
FN:30,_RNCNvNtNtCsaZYDEbcQyjG_6xechat10components7sidebar7Sidebars1_0B7_
FN:40,_RNCNvNtNtCsaZYDEbcQyjG_6xechat10components7sidebar7Sidebars2_0B7_
FN:40,_RNCNvNtNtCsaZYDEbcQyjG_6xechat10components7sidebar7Sidebars3_0B7_
FN:40,_RNCNvNtNtCsaZYDEbcQyjG_6xechat10components7sidebar7Sidebars4_0B7_
FN:45,_RNCNvNtNtCsaZYDEbcQyjG_6xechat10components7sidebar7Sidebars_0B7_
FN:40,_RNvNCNvNtNtCsaZYDEbcQyjG_6xechat10components7sidebar7Sidebars4_019___original_template
FN:45,_RNvNvNtNtCsaZYDEbcQyjG_6xechat10components7sidebar7Sidebar19___original_template
FN:40,_RNvNvNtNtCsaZYDEbcQyjG_6xechat10components7sidebar7Sidebars_19___original_template
FN:40,_RNCNvNCNvNtNtCsaZYDEbcQyjG_6xechat10components7sidebar7Sidebars4_010___TEMPLATE0Bb_
FN:45,_RNCNvNvNtNtCsaZYDEbcQyjG_6xechat10components7sidebar7Sidebar10___TEMPLATE0B9_
FN:40,_RNCNvNvNtNtCsaZYDEbcQyjG_6xechat10components7sidebar7Sidebars_10___TEMPLATE0B9_
FNDA:0,_RNvNCNvNtNtCs23hgJKj9VmF_6xechat10components7sidebar7Sidebars4_019___original_template
FNDA:0,_RNvNvNtNtCs23hgJKj9VmF_6xechat10components7sidebar7Sidebar19___original_template
FNDA:0,_RNvNvNtNtCs23hgJKj9VmF_6xechat10components7sidebar7Sidebars_19___original_template
FNDA:0,_RNCNCNvNtNtCs23hgJKj9VmF_6xechat10components7sidebar7Sidebars4_00B9_
FNDA:0,_RNCNCNvNtNtCs23hgJKj9VmF_6xechat10components7sidebar7Sidebars4_0s_0B9_
FNDA:0,_RNCNvNCNvNtNtCs23hgJKj9VmF_6xechat10components7sidebar7Sidebars4_010___TEMPLATE0Bb_
FNDA:0,_RNCNvNtNtCs23hgJKj9VmF_6xechat10components7sidebar7Sidebar0B7_
FNDA:0,_RNCNvNtNtCs23hgJKj9VmF_6xechat10components7sidebar7Sidebars0_0B7_
FNDA:0,_RNCNvNtNtCs23hgJKj9VmF_6xechat10components7sidebar7Sidebars1_0B7_
FNDA:0,_RNCNvNtNtCs23hgJKj9VmF_6xechat10components7sidebar7Sidebars2_0B7_
FNDA:0,_RNCNvNtNtCs23hgJKj9VmF_6xechat10components7sidebar7Sidebars3_0B7_
FNDA:0,_RNCNvNtNtCs23hgJKj9VmF_6xechat10components7sidebar7Sidebars4_0B7_
FNDA:0,_RNCNvNtNtCs23hgJKj9VmF_6xechat10components7sidebar7Sidebars_0B7_
FNDA:0,_RNCNvNvNtNtCs23hgJKj9VmF_6xechat10components7sidebar7Sidebar10___TEMPLATE0B9_
FNDA:0,_RNCNvNvNtNtCs23hgJKj9VmF_6xechat10components7sidebar7Sidebars_10___TEMPLATE0B9_
FNDA:0,_RNCNCNvNtNtCsaZYDEbcQyjG_6xechat10components7sidebar7Sidebars4_00B9_
FNDA:0,_RNCNCNvNtNtCsaZYDEbcQyjG_6xechat10components7sidebar7Sidebars4_0s_0B9_
FNDA:0,_RNCNvNtNtCsaZYDEbcQyjG_6xechat10components7sidebar7Sidebar0B7_
FNDA:0,_RNCNvNtNtCsaZYDEbcQyjG_6xechat10components7sidebar7Sidebars0_0B7_
FNDA:0,_RNCNvNtNtCsaZYDEbcQyjG_6xechat10components7sidebar7Sidebars1_0B7_
FNDA:0,_RNCNvNtNtCsaZYDEbcQyjG_6xechat10components7sidebar7Sidebars2_0B7_
FNDA:0,_RNCNvNtNtCsaZYDEbcQyjG_6xechat10components7sidebar7Sidebars3_0B7_
FNDA:0,_RNCNvNtNtCsaZYDEbcQyjG_6xechat10components7sidebar7Sidebars4_0B7_
FNDA:0,_RNCNvNtNtCsaZYDEbcQyjG_6xechat10components7sidebar7Sidebars_0B7_
FNDA:0,_RNvNCNvNtNtCsaZYDEbcQyjG_6xechat10components7sidebar7Sidebars4_019___original_template
FNDA:0,_RNvNvNtNtCsaZYDEbcQyjG_6xechat10components7sidebar7Sidebar19___original_template
FNDA:0,_RNvNvNtNtCsaZYDEbcQyjG_6xechat10components7sidebar7Sidebars_19___original_template
FNDA:0,_RNCNvNCNvNtNtCsaZYDEbcQyjG_6xechat10components7sidebar7Sidebars4_010___TEMPLATE0Bb_
FNDA:0,_RNCNvNvNtNtCsaZYDEbcQyjG_6xechat10components7sidebar7Sidebar10___TEMPLATE0B9_
FNDA:0,_RNCNvNvNtNtCsaZYDEbcQyjG_6xechat10components7sidebar7Sidebars_10___TEMPLATE0B9_
FNF:4
FNH:0
DA:16,0
DA:17,0
DA:18,0
DA:30,0
DA:40,0
DA:45,0
BRF:0
BRH:0
LF:6
LH:0
end_of_record
SF:/Users/ok/workspace/xechat/src/components/sidebar_footer.rs
FN:30,_RNvNtNtCs23hgJKj9VmF_6xechat10components14sidebar_footer17network_btn_classB5_
FN:20,_RNvNtNtCs23hgJKj9VmF_6xechat10components14sidebar_footer17render_theme_icon
FN:155,_RNvNvNtNtCs23hgJKj9VmF_6xechat10components14sidebar_footer13SidebarFooter19___original_template
FN:155,_RNvNvNtNtCs23hgJKj9VmF_6xechat10components14sidebar_footer13SidebarFooters0_19___original_template
FN:155,_RNvNvNtNtCs23hgJKj9VmF_6xechat10components14sidebar_footer13SidebarFooters1_19___original_template
FN:155,_RNvNvNtNtCs23hgJKj9VmF_6xechat10components14sidebar_footer13SidebarFooters2_19___original_template
FN:155,_RNvNvNtNtCs23hgJKj9VmF_6xechat10components14sidebar_footer13SidebarFooters_19___original_template
FN:22,_RNvNvNtNtCs23hgJKj9VmF_6xechat10components14sidebar_footer17render_theme_icon19___original_template
FN:24,_RNvNvNtNtCs23hgJKj9VmF_6xechat10components14sidebar_footer17render_theme_icons0_19___original_template
FN:23,_RNvNvNtNtCs23hgJKj9VmF_6xechat10components14sidebar_footer17render_theme_icons_19___original_template
FN:70,_RNCNCNvNtNtCs23hgJKj9VmF_6xechat10components14sidebar_footer13SidebarFooters2_00B9_
FN:57,_RNCNvNtNtCs23hgJKj9VmF_6xechat10components14sidebar_footer13SidebarFooters0_0B7_
FN:62,_RNCNvNtNtCs23hgJKj9VmF_6xechat10components14sidebar_footer13SidebarFooters1_0B7_
FN:69,_RNCNvNtNtCs23hgJKj9VmF_6xechat10components14sidebar_footer13SidebarFooters2_0B7_
FN:155,_RNCNvNtNtCs23hgJKj9VmF_6xechat10components14sidebar_footer13SidebarFooters3_0B7_
FN:155,_RNCNvNtNtCs23hgJKj9VmF_6xechat10components14sidebar_footer13SidebarFooters4_0B7_
FN:155,_RNCNvNtNtCs23hgJKj9VmF_6xechat10components14sidebar_footer13SidebarFooters5_0B7_
FN:155,_RNCNvNtNtCs23hgJKj9VmF_6xechat10components14sidebar_footer13SidebarFooters6_0B7_
FN:155,_RNCNvNtNtCs23hgJKj9VmF_6xechat10components14sidebar_footer13SidebarFooters7_0B7_
FN:155,_RNCNvNtNtCs23hgJKj9VmF_6xechat10components14sidebar_footer13SidebarFooters8_0B7_
FN:155,_RNCNvNtNtCs23hgJKj9VmF_6xechat10components14sidebar_footer13SidebarFooters9_0B7_
FN:52,_RNCNvNtNtCs23hgJKj9VmF_6xechat10components14sidebar_footer13SidebarFooters_0B7_
FN:155,_RNCNvNtNtCs23hgJKj9VmF_6xechat10components14sidebar_footer13SidebarFootersa_0B7_
FN:155,_RNCNvNtNtCs23hgJKj9VmF_6xechat10components14sidebar_footer13SidebarFootersb_0B7_
FN:155,_RNCNvNtNtCs23hgJKj9VmF_6xechat10components14sidebar_footer13SidebarFootersc_0B7_
FN:127,_RNCNvNtNtCs23hgJKj9VmF_6xechat10components14sidebar_footer13SidebarFootersd_0B7_
FN:22,_RNCNvNtNtCs23hgJKj9VmF_6xechat10components14sidebar_footer17render_theme_icon0B7_
FN:23,_RNCNvNtNtCs23hgJKj9VmF_6xechat10components14sidebar_footer17render_theme_icons0_0B7_
FN:23,_RNCNvNtNtCs23hgJKj9VmF_6xechat10components14sidebar_footer17render_theme_icons1_0B7_
FN:24,_RNCNvNtNtCs23hgJKj9VmF_6xechat10components14sidebar_footer17render_theme_icons2_0B7_
FN:24,_RNCNvNtNtCs23hgJKj9VmF_6xechat10components14sidebar_footer17render_theme_icons3_0B7_
FN:22,_RNCNvNtNtCs23hgJKj9VmF_6xechat10components14sidebar_footer17render_theme_icons_0B7_
FN:155,_RNCNvNvNtNtCs23hgJKj9VmF_6xechat10components14sidebar_footer13SidebarFooter10___TEMPLATE0B9_
FN:155,_RNCNvNvNtNtCs23hgJKj9VmF_6xechat10components14sidebar_footer13SidebarFooters0_10___TEMPLATE0B9_
FN:155,_RNCNvNvNtNtCs23hgJKj9VmF_6xechat10components14sidebar_footer13SidebarFooters1_10___TEMPLATE0B9_
FN:155,_RNCNvNvNtNtCs23hgJKj9VmF_6xechat10components14sidebar_footer13SidebarFooters2_10___TEMPLATE0B9_
FN:155,_RNCNvNvNtNtCs23hgJKj9VmF_6xechat10components14sidebar_footer13SidebarFooters_10___TEMPLATE0B9_
FN:22,_RNCNvNvNtNtCs23hgJKj9VmF_6xechat10components14sidebar_footer17render_theme_icon10___TEMPLATE0B9_
FN:24,_RNCNvNvNtNtCs23hgJKj9VmF_6xechat10components14sidebar_footer17render_theme_icons0_10___TEMPLATE0B9_
FN:23,_RNCNvNvNtNtCs23hgJKj9VmF_6xechat10components14sidebar_footer17render_theme_icons_10___TEMPLATE0B9_
FN:155,_RNCNvNvNtNtCsaZYDEbcQyjG_6xechat10components14sidebar_footer13SidebarFooter10___TEMPLATE0B9_
FN:155,_RNCNvNvNtNtCsaZYDEbcQyjG_6xechat10components14sidebar_footer13SidebarFooters0_10___TEMPLATE0B9_
FN:155,_RNCNvNvNtNtCsaZYDEbcQyjG_6xechat10components14sidebar_footer13SidebarFooters1_10___TEMPLATE0B9_
FN:155,_RNCNvNvNtNtCsaZYDEbcQyjG_6xechat10components14sidebar_footer13SidebarFooters2_10___TEMPLATE0B9_
FN:155,_RNCNvNvNtNtCsaZYDEbcQyjG_6xechat10components14sidebar_footer13SidebarFooters_10___TEMPLATE0B9_
FN:22,_RNCNvNvNtNtCsaZYDEbcQyjG_6xechat10components14sidebar_footer17render_theme_icon10___TEMPLATE0B9_
FN:24,_RNCNvNvNtNtCsaZYDEbcQyjG_6xechat10components14sidebar_footer17render_theme_icons0_10___TEMPLATE0B9_
FN:23,_RNCNvNvNtNtCsaZYDEbcQyjG_6xechat10components14sidebar_footer17render_theme_icons_10___TEMPLATE0B9_
FN:70,_RNCNCNvNtNtCsaZYDEbcQyjG_6xechat10components14sidebar_footer13SidebarFooters2_00B9_
FN:57,_RNCNvNtNtCsaZYDEbcQyjG_6xechat10components14sidebar_footer13SidebarFooters0_0B7_
FN:62,_RNCNvNtNtCsaZYDEbcQyjG_6xechat10components14sidebar_footer13SidebarFooters1_0B7_
FN:69,_RNCNvNtNtCsaZYDEbcQyjG_6xechat10components14sidebar_footer13SidebarFooters2_0B7_
FN:155,_RNCNvNtNtCsaZYDEbcQyjG_6xechat10components14sidebar_footer13SidebarFooters3_0B7_
FN:155,_RNCNvNtNtCsaZYDEbcQyjG_6xechat10components14sidebar_footer13SidebarFooters4_0B7_
FN:155,_RNCNvNtNtCsaZYDEbcQyjG_6xechat10components14sidebar_footer13SidebarFooters5_0B7_
FN:155,_RNCNvNtNtCsaZYDEbcQyjG_6xechat10components14sidebar_footer13SidebarFooters6_0B7_
FN:155,_RNCNvNtNtCsaZYDEbcQyjG_6xechat10components14sidebar_footer13SidebarFooters7_0B7_
FN:155,_RNCNvNtNtCsaZYDEbcQyjG_6xechat10components14sidebar_footer13SidebarFooters8_0B7_
FN:155,_RNCNvNtNtCsaZYDEbcQyjG_6xechat10components14sidebar_footer13SidebarFooters9_0B7_
FN:52,_RNCNvNtNtCsaZYDEbcQyjG_6xechat10components14sidebar_footer13SidebarFooters_0B7_
FN:155,_RNCNvNtNtCsaZYDEbcQyjG_6xechat10components14sidebar_footer13SidebarFootersa_0B7_
FN:155,_RNCNvNtNtCsaZYDEbcQyjG_6xechat10components14sidebar_footer13SidebarFootersb_0B7_
FN:155,_RNCNvNtNtCsaZYDEbcQyjG_6xechat10components14sidebar_footer13SidebarFootersc_0B7_
FN:127,_RNCNvNtNtCsaZYDEbcQyjG_6xechat10components14sidebar_footer13SidebarFootersd_0B7_
FN:22,_RNCNvNtNtCsaZYDEbcQyjG_6xechat10components14sidebar_footer17render_theme_icon0B7_
FN:23,_RNCNvNtNtCsaZYDEbcQyjG_6xechat10components14sidebar_footer17render_theme_icons0_0B7_
FN:23,_RNCNvNtNtCsaZYDEbcQyjG_6xechat10components14sidebar_footer17render_theme_icons1_0B7_
FN:24,_RNCNvNtNtCsaZYDEbcQyjG_6xechat10components14sidebar_footer17render_theme_icons2_0B7_
FN:24,_RNCNvNtNtCsaZYDEbcQyjG_6xechat10components14sidebar_footer17render_theme_icons3_0B7_
FN:22,_RNCNvNtNtCsaZYDEbcQyjG_6xechat10components14sidebar_footer17render_theme_icons_0B7_
FN:30,_RNvNtNtCsaZYDEbcQyjG_6xechat10components14sidebar_footer17network_btn_classB5_
FN:20,_RNvNtNtCsaZYDEbcQyjG_6xechat10components14sidebar_footer17render_theme_icon
FN:155,_RNvNvNtNtCsaZYDEbcQyjG_6xechat10components14sidebar_footer13SidebarFooter19___original_template
FN:155,_RNvNvNtNtCsaZYDEbcQyjG_6xechat10components14sidebar_footer13SidebarFooters0_19___original_template
FN:155,_RNvNvNtNtCsaZYDEbcQyjG_6xechat10components14sidebar_footer13SidebarFooters1_19___original_template
FN:155,_RNvNvNtNtCsaZYDEbcQyjG_6xechat10components14sidebar_footer13SidebarFooters2_19___original_template
FN:155,_RNvNvNtNtCsaZYDEbcQyjG_6xechat10components14sidebar_footer13SidebarFooters_19___original_template
FN:22,_RNvNvNtNtCsaZYDEbcQyjG_6xechat10components14sidebar_footer17render_theme_icon19___original_template
FN:24,_RNvNvNtNtCsaZYDEbcQyjG_6xechat10components14sidebar_footer17render_theme_icons0_19___original_template
FN:23,_RNvNvNtNtCsaZYDEbcQyjG_6xechat10components14sidebar_footer17render_theme_icons_19___original_template
FNDA:0,_RNvNtNtCs23hgJKj9VmF_6xechat10components14sidebar_footer17network_btn_classB5_
FNDA:0,_RNvNtNtCs23hgJKj9VmF_6xechat10components14sidebar_footer17render_theme_icon
FNDA:0,_RNvNvNtNtCs23hgJKj9VmF_6xechat10components14sidebar_footer13SidebarFooter19___original_template
FNDA:0,_RNvNvNtNtCs23hgJKj9VmF_6xechat10components14sidebar_footer13SidebarFooters0_19___original_template
FNDA:0,_RNvNvNtNtCs23hgJKj9VmF_6xechat10components14sidebar_footer13SidebarFooters1_19___original_template
FNDA:0,_RNvNvNtNtCs23hgJKj9VmF_6xechat10components14sidebar_footer13SidebarFooters2_19___original_template
FNDA:0,_RNvNvNtNtCs23hgJKj9VmF_6xechat10components14sidebar_footer13SidebarFooters_19___original_template
FNDA:0,_RNvNvNtNtCs23hgJKj9VmF_6xechat10components14sidebar_footer17render_theme_icon19___original_template
FNDA:0,_RNvNvNtNtCs23hgJKj9VmF_6xechat10components14sidebar_footer17render_theme_icons0_19___original_template
FNDA:0,_RNvNvNtNtCs23hgJKj9VmF_6xechat10components14sidebar_footer17render_theme_icons_19___original_template
FNDA:0,_RNCNCNvNtNtCs23hgJKj9VmF_6xechat10components14sidebar_footer13SidebarFooters2_00B9_
FNDA:0,_RNCNvNtNtCs23hgJKj9VmF_6xechat10components14sidebar_footer13SidebarFooters0_0B7_
FNDA:0,_RNCNvNtNtCs23hgJKj9VmF_6xechat10components14sidebar_footer13SidebarFooters1_0B7_
FNDA:0,_RNCNvNtNtCs23hgJKj9VmF_6xechat10components14sidebar_footer13SidebarFooters2_0B7_
FNDA:0,_RNCNvNtNtCs23hgJKj9VmF_6xechat10components14sidebar_footer13SidebarFooters3_0B7_
FNDA:0,_RNCNvNtNtCs23hgJKj9VmF_6xechat10components14sidebar_footer13SidebarFooters4_0B7_
FNDA:0,_RNCNvNtNtCs23hgJKj9VmF_6xechat10components14sidebar_footer13SidebarFooters5_0B7_
FNDA:0,_RNCNvNtNtCs23hgJKj9VmF_6xechat10components14sidebar_footer13SidebarFooters6_0B7_
FNDA:0,_RNCNvNtNtCs23hgJKj9VmF_6xechat10components14sidebar_footer13SidebarFooters7_0B7_
FNDA:0,_RNCNvNtNtCs23hgJKj9VmF_6xechat10components14sidebar_footer13SidebarFooters8_0B7_
FNDA:0,_RNCNvNtNtCs23hgJKj9VmF_6xechat10components14sidebar_footer13SidebarFooters9_0B7_
FNDA:0,_RNCNvNtNtCs23hgJKj9VmF_6xechat10components14sidebar_footer13SidebarFooters_0B7_
[...]
FNDA:0,_RNvNvNtNtNtCs23hgJKj9VmF_6xechat5views8settings16provider_section15ProviderSections2_19___original_template
FNDA:0,_RNvNvNtNtNtCs23hgJKj9VmF_6xechat5views8settings16provider_section15ProviderSections3_19___original_template
FNDA:0,_RNvNvNtNtNtCs23hgJKj9VmF_6xechat5views8settings16provider_section15ProviderSections4_19___original_template
FNDA:0,_RNvNvNtNtNtCs23hgJKj9VmF_6xechat5views8settings16provider_section15ProviderSections5_19___original_template
FNDA:0,_RNvNvNtNtNtCs23hgJKj9VmF_6xechat5views8settings16provider_section15ProviderSections_19___original_template
FNDA:0,_RNvNvNtNtNtCs23hgJKj9VmF_6xechat5views8settings16provider_section18ModelParamsSection19___original_template
FNDA:0,_RNvNvNtNtNtCs23hgJKj9VmF_6xechat5views8settings16provider_section18ModelParamsSections0_19___original_template
FNDA:0,_RNvNvNtNtNtCs23hgJKj9VmF_6xechat5views8settings16provider_section18ModelParamsSections1_19___original_template
FNDA:0,_RNvNvNtNtNtCs23hgJKj9VmF_6xechat5views8settings16provider_section18ModelParamsSections2_19___original_template
FNDA:0,_RNvNvNtNtNtCs23hgJKj9VmF_6xechat5views8settings16provider_section18ModelParamsSections3_19___original_template
FNDA:0,_RNvNvNtNtNtCs23hgJKj9VmF_6xechat5views8settings16provider_section18ModelParamsSections4_19___original_template
FNDA:0,_RNvNvNtNtNtCs23hgJKj9VmF_6xechat5views8settings16provider_section18ModelParamsSections5_19___original_template
FNDA:0,_RNvNvNtNtNtCs23hgJKj9VmF_6xechat5views8settings16provider_section18ModelParamsSections6_19___original_template
FNDA:0,_RNvNvNtNtNtCs23hgJKj9VmF_6xechat5views8settings16provider_section18ModelParamsSections_19___original_template
FNDA:0,_RNCNvNCNvNtNtNtCsaZYDEbcQyjG_6xechat5views8settings16provider_section15ProviderSectionsf_010___TEMPLATE0Bd_
FNDA:0,_RNCNvNvNtNtNtCsaZYDEbcQyjG_6xechat5views8settings16provider_section15ProviderSection10___TEMPLATE0Bb_
FNDA:0,_RNCNvNvNtNtNtCsaZYDEbcQyjG_6xechat5views8settings16provider_section15ProviderSections0_10___TEMPLATE0Bb_
FNDA:0,_RNCNvNvNtNtNtCsaZYDEbcQyjG_6xechat5views8settings16provider_section15ProviderSections1_10___TEMPLATE0Bb_
FNDA:0,_RNCNvNvNtNtNtCsaZYDEbcQyjG_6xechat5views8settings16provider_section15ProviderSections2_10___TEMPLATE0Bb_
FNDA:0,_RNCNvNvNtNtNtCsaZYDEbcQyjG_6xechat5views8settings16provider_section15ProviderSections3_10___TEMPLATE0Bb_
FNDA:0,_RNCNvNvNtNtNtCsaZYDEbcQyjG_6xechat5views8settings16provider_section15ProviderSections4_10___TEMPLATE0Bb_
FNDA:0,_RNCNvNvNtNtNtCsaZYDEbcQyjG_6xechat5views8settings16provider_section15ProviderSections5_10___TEMPLATE0Bb_
FNDA:0,_RNCNvNvNtNtNtCsaZYDEbcQyjG_6xechat5views8settings16provider_section15ProviderSections_10___TEMPLATE0Bb_
FNDA:0,_RNCNvNvNtNtNtCsaZYDEbcQyjG_6xechat5views8settings16provider_section18ModelParamsSection10___TEMPLATE0Bb_
FNDA:0,_RNCNvNvNtNtNtCsaZYDEbcQyjG_6xechat5views8settings16provider_section18ModelParamsSections0_10___TEMPLATE0Bb_
FNDA:0,_RNCNvNvNtNtNtCsaZYDEbcQyjG_6xechat5views8settings16provider_section18ModelParamsSections1_10___TEMPLATE0Bb_
FNDA:0,_RNCNvNvNtNtNtCsaZYDEbcQyjG_6xechat5views8settings16provider_section18ModelParamsSections2_10___TEMPLATE0Bb_
FNDA:0,_RNCNvNvNtNtNtCsaZYDEbcQyjG_6xechat5views8settings16provider_section18ModelParamsSections3_10___TEMPLATE0Bb_
FNDA:0,_RNCNvNvNtNtNtCsaZYDEbcQyjG_6xechat5views8settings16provider_section18ModelParamsSections4_10___TEMPLATE0Bb_
FNDA:0,_RNCNvNvNtNtNtCsaZYDEbcQyjG_6xechat5views8settings16provider_section18ModelParamsSections5_10___TEMPLATE0Bb_
FNDA:0,_RNCNvNvNtNtNtCsaZYDEbcQyjG_6xechat5views8settings16provider_section18ModelParamsSections6_10___TEMPLATE0Bb_
FNDA:0,_RNCNvNvNtNtNtCsaZYDEbcQyjG_6xechat5views8settings16provider_section18ModelParamsSections_10___TEMPLATE0Bb_
FNDA:0,_RNCNCNvNtNtNtCsaZYDEbcQyjG_6xechat5views8settings16provider_section15ProviderSectionsf_00Bb_
FNDA:0,_RNCNCNvNtNtNtCsaZYDEbcQyjG_6xechat5views8settings16provider_section15ProviderSectionsf_0s_0Bb_
FNDA:0,_RNCNCNvNtNtNtCsaZYDEbcQyjG_6xechat5views8settings16provider_section15ProviderSectionsm_00Bb_
FNDA:0,_RNCNCNvNtNtNtCsaZYDEbcQyjG_6xechat5views8settings16provider_section15ProviderSectionsn_00Bb_
FNDA:0,_RNCNCNvNtNtNtCsaZYDEbcQyjG_6xechat5views8settings16provider_section15ProviderSectionsq_00Bb_
FNDA:0,_RNCNCNvNtNtNtCsaZYDEbcQyjG_6xechat5views8settings16provider_section15ProviderSectionst_00Bb_
FNDA:0,_RNCNCNvNtNtNtCsaZYDEbcQyjG_6xechat5views8settings16provider_section15ProviderSectionsw_00Bb_
FNDA:0,_RNCNCNvNtNtNtCsaZYDEbcQyjG_6xechat5views8settings16provider_section18ModelParamsSectionsC_00Bb_
FNDA:0,_RNCNCNvNtNtNtCsaZYDEbcQyjG_6xechat5views8settings16provider_section18ModelParamsSectionsF_00Bb_
FNDA:0,_RNCNCNvNtNtNtCsaZYDEbcQyjG_6xechat5views8settings16provider_section18ModelParamsSectionsI_00Bb_
FNDA:0,_RNCNCNvNtNtNtCsaZYDEbcQyjG_6xechat5views8settings16provider_section18ModelParamsSectionsL_00Bb_
FNDA:0,_RNCNCNvNtNtNtCsaZYDEbcQyjG_6xechat5views8settings16provider_section18ModelParamsSectionsO_00Bb_
FNDA:0,_RNCNCNvNtNtNtCsaZYDEbcQyjG_6xechat5views8settings16provider_section18ModelParamsSectionsR_00Bb_
FNDA:0,_RNCNCNvNtNtNtCsaZYDEbcQyjG_6xechat5views8settings16provider_section18ModelParamsSectionsR_0s0_0Bb_
FNDA:0,_RNCNCNvNtNtNtCsaZYDEbcQyjG_6xechat5views8settings16provider_section18ModelParamsSectionsR_0s_0Bb_
FNDA:0,_RNCNCNvNtNtNtCsaZYDEbcQyjG_6xechat5views8settings16provider_section18ModelParamsSectionsw_00Bb_
FNDA:0,_RNCNCNvNtNtNtCsaZYDEbcQyjG_6xechat5views8settings16provider_section18ModelParamsSectionsz_00Bb_
FNDA:0,_RNCNvNtNtNtCsaZYDEbcQyjG_6xechat5views8settings16provider_section15ProviderSections0_0B9_
FNDA:0,_RNCNvNtNtNtCsaZYDEbcQyjG_6xechat5views8settings16provider_section15ProviderSections1_0B9_
FNDA:0,_RNCNvNtNtNtCsaZYDEbcQyjG_6xechat5views8settings16provider_section15ProviderSections2_0B9_
FNDA:0,_RNCNvNtNtNtCsaZYDEbcQyjG_6xechat5views8settings16provider_section15ProviderSections3_0B9_
FNDA:0,_RNCNvNtNtNtCsaZYDEbcQyjG_6xechat5views8settings16provider_section15ProviderSections4_0B9_
FNDA:0,_RNCNvNtNtNtCsaZYDEbcQyjG_6xechat5views8settings16provider_section15ProviderSections5_0B9_
FNDA:0,_RNCNvNtNtNtCsaZYDEbcQyjG_6xechat5views8settings16provider_section15ProviderSections6_0B9_
FNDA:0,_RNCNvNtNtNtCsaZYDEbcQyjG_6xechat5views8settings16provider_section15ProviderSections7_0B9_
FNDA:0,_RNCNvNtNtNtCsaZYDEbcQyjG_6xechat5views8settings16provider_section15ProviderSections8_0B9_
FNDA:0,_RNCNvNtNtNtCsaZYDEbcQyjG_6xechat5views8settings16provider_section15ProviderSections9_0B9_
FNDA:0,_RNCNvNtNtNtCsaZYDEbcQyjG_6xechat5views8settings16provider_section15ProviderSections_0B9_
FNDA:0,_RNCNvNtNtNtCsaZYDEbcQyjG_6xechat5views8settings16provider_section15ProviderSectionsb_0B9_
FNDA:0,_RNCNvNtNtNtCsaZYDEbcQyjG_6xechat5views8settings16provider_section15ProviderSectionsc_0B9_
FNDA:0,_RNCNvNtNtNtCsaZYDEbcQyjG_6xechat5views8settings16provider_section15ProviderSectionsd_0B9_
FNDA:0,_RNCNvNtNtNtCsaZYDEbcQyjG_6xechat5views8settings16provider_section15ProviderSectionse_0B9_
FNDA:0,_RNCNvNtNtNtCsaZYDEbcQyjG_6xechat5views8settings16provider_section15ProviderSectionsf_0B9_
FNDA:0,_RNCNvNtNtNtCsaZYDEbcQyjG_6xechat5views8settings16provider_section15ProviderSectionsg_0B9_
FNDA:0,_RNCNvNtNtNtCsaZYDEbcQyjG_6xechat5views8settings16provider_section15ProviderSectionsh_0B9_
FNDA:0,_RNCNvNtNtNtCsaZYDEbcQyjG_6xechat5views8settings16provider_section15ProviderSectionsi_0B9_
FNDA:0,_RNCNvNtNtNtCsaZYDEbcQyjG_6xechat5views8settings16provider_section15ProviderSectionsj_0B9_
FNDA:0,_RNCNvNtNtNtCsaZYDEbcQyjG_6xechat5views8settings16provider_section15ProviderSectionsk_0B9_
FNDA:0,_RNCNvNtNtNtCsaZYDEbcQyjG_6xechat5views8settings16provider_section15ProviderSectionsl_0B9_
FNDA:0,_RNCNvNtNtNtCsaZYDEbcQyjG_6xechat5views8settings16provider_section15ProviderSectionsm_0B9_
FNDA:0,_RNCNvNtNtNtCsaZYDEbcQyjG_6xechat5views8settings16provider_section15ProviderSectionsn_0B9_
FNDA:0,_RNCNvNtNtNtCsaZYDEbcQyjG_6xechat5views8settings16provider_section15ProviderSectionso_0B9_
FNDA:0,_RNCNvNtNtNtCsaZYDEbcQyjG_6xechat5views8settings16provider_section15ProviderSectionsp_0B9_
FNDA:0,_RNCNvNtNtNtCsaZYDEbcQyjG_6xechat5views8settings16provider_section15ProviderSectionsq_0B9_
FNDA:0,_RNCNvNtNtNtCsaZYDEbcQyjG_6xechat5views8settings16provider_section15ProviderSectionsr_0B9_
FNDA:0,_RNCNvNtNtNtCsaZYDEbcQyjG_6xechat5views8settings16provider_section15ProviderSectionss_0B9_
FNDA:0,_RNCNvNtNtNtCsaZYDEbcQyjG_6xechat5views8settings16provider_section15ProviderSectionst_0B9_
FNDA:0,_RNCNvNtNtNtCsaZYDEbcQyjG_6xechat5views8settings16provider_section15ProviderSectionsu_0B9_
FNDA:0,_RNCNvNtNtNtCsaZYDEbcQyjG_6xechat5views8settings16provider_section15ProviderSectionsv_0B9_
FNDA:0,_RNCNvNtNtNtCsaZYDEbcQyjG_6xechat5views8settings16provider_section15ProviderSectionsw_0B9_
FNDA:0,_RNCNvNtNtNtCsaZYDEbcQyjG_6xechat5views8settings16provider_section18ModelParamsSection0B9_
FNDA:0,_RNCNvNtNtNtCsaZYDEbcQyjG_6xechat5views8settings16provider_section18ModelParamsSections0_0B9_
FNDA:0,_RNCNvNtNtNtCsaZYDEbcQyjG_6xechat5views8settings16provider_section18ModelParamsSections1_0B9_
FNDA:0,_RNCNvNtNtNtCsaZYDEbcQyjG_6xechat5views8settings16provider_section18ModelParamsSections2_0B9_
FNDA:0,_RNCNvNtNtNtCsaZYDEbcQyjG_6xechat5views8settings16provider_section18ModelParamsSections3_0B9_
FNDA:0,_RNCNvNtNtNtCsaZYDEbcQyjG_6xechat5views8settings16provider_section18ModelParamsSections4_0B9_
FNDA:0,_RNCNvNtNtNtCsaZYDEbcQyjG_6xechat5views8settings16provider_section18ModelParamsSections5_0B9_
FNDA:0,_RNCNvNtNtNtCsaZYDEbcQyjG_6xechat5views8settings16provider_section18ModelParamsSections6_0B9_
FNDA:0,_RNCNvNtNtNtCsaZYDEbcQyjG_6xechat5views8settings16provider_section18ModelParamsSections7_0B9_
FNDA:0,_RNCNvNtNtNtCsaZYDEbcQyjG_6xechat5views8settings16provider_section18ModelParamsSections8_0B9_
FNDA:0,_RNCNvNtNtNtCsaZYDEbcQyjG_6xechat5views8settings16provider_section18ModelParamsSections9_0B9_
FNDA:0,_RNCNvNtNtNtCsaZYDEbcQyjG_6xechat5views8settings16provider_section18ModelParamsSectionsA_0B9_
FNDA:0,_RNCNvNtNtNtCsaZYDEbcQyjG_6xechat5views8settings16provider_section18ModelParamsSectionsB_0B9_
FNDA:0,_RNCNvNtNtNtCsaZYDEbcQyjG_6xechat5views8settings16provider_section18ModelParamsSectionsC_0B9_
FNDA:0,_RNCNvNtNtNtCsaZYDEbcQyjG_6xechat5views8settings16provider_section18ModelParamsSectionsD_0B9_
FNDA:0,_RNCNvNtNtNtCsaZYDEbcQyjG_6xechat5views8settings16provider_section18ModelParamsSectionsE_0B9_
FNDA:0,_RNCNvNtNtNtCsaZYDEbcQyjG_6xechat5views8settings16provider_section18ModelParamsSectionsF_0B9_
FNDA:0,_RNCNvNtNtNtCsaZYDEbcQyjG_6xechat5views8settings16provider_section18ModelParamsSectionsG_0B9_
FNDA:0,_RNCNvNtNtNtCsaZYDEbcQyjG_6xechat5views8settings16provider_section18ModelParamsSectionsH_0B9_
FNDA:0,_RNCNvNtNtNtCsaZYDEbcQyjG_6xechat5views8settings16provider_section18ModelParamsSectionsI_0B9_
FNDA:0,_RNCNvNtNtNtCsaZYDEbcQyjG_6xechat5views8settings16provider_section18ModelParamsSectionsJ_0B9_
FNDA:0,_RNCNvNtNtNtCsaZYDEbcQyjG_6xechat5views8settings16provider_section18ModelParamsSectionsK_0B9_
FNDA:0,_RNCNvNtNtNtCsaZYDEbcQyjG_6xechat5views8settings16provider_section18ModelParamsSectionsL_0B9_
FNDA:0,_RNCNvNtNtNtCsaZYDEbcQyjG_6xechat5views8settings16provider_section18ModelParamsSectionsM_0B9_
FNDA:0,_RNCNvNtNtNtCsaZYDEbcQyjG_6xechat5views8settings16provider_section18ModelParamsSectionsN_0B9_
FNDA:0,_RNCNvNtNtNtCsaZYDEbcQyjG_6xechat5views8settings16provider_section18ModelParamsSectionsO_0B9_
FNDA:0,_RNCNvNtNtNtCsaZYDEbcQyjG_6xechat5views8settings16provider_section18ModelParamsSectionsP_0B9_
FNDA:0,_RNCNvNtNtNtCsaZYDEbcQyjG_6xechat5views8settings16provider_section18ModelParamsSectionsQ_0B9_
FNDA:0,_RNCNvNtNtNtCsaZYDEbcQyjG_6xechat5views8settings16provider_section18ModelParamsSectionsR_0B9_
FNDA:0,_RNCNvNtNtNtCsaZYDEbcQyjG_6xechat5views8settings16provider_section18ModelParamsSections_0B9_
FNDA:0,_RNCNvNtNtNtCsaZYDEbcQyjG_6xechat5views8settings16provider_section18ModelParamsSectionsa_0B9_
FNDA:0,_RNCNvNtNtNtCsaZYDEbcQyjG_6xechat5views8settings16provider_section18ModelParamsSectionsb_0B9_
FNDA:0,_RNCNvNtNtNtCsaZYDEbcQyjG_6xechat5views8settings16provider_section18ModelParamsSectionsc_0B9_
FNDA:0,_RNCNvNtNtNtCsaZYDEbcQyjG_6xechat5views8settings16provider_section18ModelParamsSectionsd_0B9_
FNDA:0,_RNCNvNtNtNtCsaZYDEbcQyjG_6xechat5views8settings16provider_section18ModelParamsSectionse_0B9_
FNDA:0,_RNCNvNtNtNtCsaZYDEbcQyjG_6xechat5views8settings16provider_section18ModelParamsSectionsf_0B9_
FNDA:0,_RNCNvNtNtNtCsaZYDEbcQyjG_6xechat5views8settings16provider_section18ModelParamsSectionsg_0B9_
FNDA:0,_RNCNvNtNtNtCsaZYDEbcQyjG_6xechat5views8settings16provider_section18ModelParamsSectionsh_0B9_
FNDA:0,_RNCNvNtNtNtCsaZYDEbcQyjG_6xechat5views8settings16provider_section18ModelParamsSectionsi_0B9_
FNDA:0,_RNCNvNtNtNtCsaZYDEbcQyjG_6xechat5views8settings16provider_section18ModelParamsSectionsj_0B9_
FNDA:0,_RNCNvNtNtNtCsaZYDEbcQyjG_6xechat5views8settings16provider_section18ModelParamsSectionsk_0B9_
FNDA:0,_RNCNvNtNtNtCsaZYDEbcQyjG_6xechat5views8settings16provider_section18ModelParamsSectionsl_0B9_
FNDA:0,_RNCNvNtNtNtCsaZYDEbcQyjG_6xechat5views8settings16provider_section18ModelParamsSectionsm_0B9_
FNDA:0,_RNCNvNtNtNtCsaZYDEbcQyjG_6xechat5views8settings16provider_section18ModelParamsSectionsn_0B9_
FNDA:0,_RNCNvNtNtNtCsaZYDEbcQyjG_6xechat5views8settings16provider_section18ModelParamsSectionso_0B9_
FNDA:0,_RNCNvNtNtNtCsaZYDEbcQyjG_6xechat5views8settings16provider_section18ModelParamsSectionsp_0B9_
FNDA:0,_RNCNvNtNtNtCsaZYDEbcQyjG_6xechat5views8settings16provider_section18ModelParamsSectionsq_0B9_
FNDA:0,_RNCNvNtNtNtCsaZYDEbcQyjG_6xechat5views8settings16provider_section18ModelParamsSectionsr_0B9_
FNDA:0,_RNCNvNtNtNtCsaZYDEbcQyjG_6xechat5views8settings16provider_section18ModelParamsSectionss_0B9_
FNDA:0,_RNCNvNtNtNtCsaZYDEbcQyjG_6xechat5views8settings16provider_section18ModelParamsSectionst_0B9_
FNDA:0,_RNCNvNtNtNtCsaZYDEbcQyjG_6xechat5views8settings16provider_section18ModelParamsSectionsu_0B9_
FNDA:0,_RNCNvNtNtNtCsaZYDEbcQyjG_6xechat5views8settings16provider_section18ModelParamsSectionsv_0B9_
FNDA:0,_RNCNvNtNtNtCsaZYDEbcQyjG_6xechat5views8settings16provider_section18ModelParamsSectionsw_0B9_
FNDA:0,_RNCNvNtNtNtCsaZYDEbcQyjG_6xechat5views8settings16provider_section18ModelParamsSectionsx_0B9_
FNDA:0,_RNCNvNtNtNtCsaZYDEbcQyjG_6xechat5views8settings16provider_section18ModelParamsSectionsy_0B9_
FNDA:0,_RNCNvNtNtNtCsaZYDEbcQyjG_6xechat5views8settings16provider_section18ModelParamsSectionsz_0B9_
FNDA:0,_RNvNCNvNtNtNtCsaZYDEbcQyjG_6xechat5views8settings16provider_section15ProviderSectionsf_019___original_template
FNDA:0,_RNvNvNtNtNtCsaZYDEbcQyjG_6xechat5views8settings16provider_section15ProviderSection19___original_template
FNDA:0,_RNvNvNtNtNtCsaZYDEbcQyjG_6xechat5views8settings16provider_section15ProviderSections0_19___original_template
FNDA:0,_RNvNvNtNtNtCsaZYDEbcQyjG_6xechat5views8settings16provider_section15ProviderSections1_19___original_template
FNDA:0,_RNvNvNtNtNtCsaZYDEbcQyjG_6xechat5views8settings16provider_section15ProviderSections2_19___original_template
FNDA:0,_RNvNvNtNtNtCsaZYDEbcQyjG_6xechat5views8settings16provider_section15ProviderSections3_19___original_template
FNDA:0,_RNvNvNtNtNtCsaZYDEbcQyjG_6xechat5views8settings16provider_section15ProviderSections4_19___original_template
FNDA:0,_RNvNvNtNtNtCsaZYDEbcQyjG_6xechat5views8settings16provider_section15ProviderSections5_19___original_template
FNDA:0,_RNvNvNtNtNtCsaZYDEbcQyjG_6xechat5views8settings16provider_section15ProviderSections_19___original_template
FNDA:0,_RNvNvNtNtNtCsaZYDEbcQyjG_6xechat5views8settings16provider_section18ModelParamsSection19___original_template
FNDA:0,_RNvNvNtNtNtCsaZYDEbcQyjG_6xechat5views8settings16provider_section18ModelParamsSections0_19___original_template
FNDA:0,_RNvNvNtNtNtCsaZYDEbcQyjG_6xechat5views8settings16provider_section18ModelParamsSections1_19___original_template
FNDA:0,_RNvNvNtNtNtCsaZYDEbcQyjG_6xechat5views8settings16provider_section18ModelParamsSections2_19___original_template
FNDA:0,_RNvNvNtNtNtCsaZYDEbcQyjG_6xechat5views8settings16provider_section18ModelParamsSections3_19___original_template
FNDA:0,_RNvNvNtNtNtCsaZYDEbcQyjG_6xechat5views8settings16provider_section18ModelParamsSections4_19___original_template
FNDA:0,_RNvNvNtNtNtCsaZYDEbcQyjG_6xechat5views8settings16provider_section18ModelParamsSections5_19___original_template
FNDA:0,_RNvNvNtNtNtCsaZYDEbcQyjG_6xechat5views8settings16provider_section18ModelParamsSections6_19___original_template
FNDA:0,_RNvNvNtNtNtCsaZYDEbcQyjG_6xechat5views8settings16provider_section18ModelParamsSections_19___original_template
FNF:83
FNH:0
DA:34,0
DA:35,0
DA:39,0
DA:67,0
DA:68,0
DA:69,0
DA:70,0
DA:71,0
DA:72,0
DA:73,0
DA:75,0
DA:76,0
DA:77,0
DA:78,0
DA:79,0
DA:80,0
DA:81,0
DA:82,0
DA:83,0
DA:100,0
DA:101,0
DA:102,0
DA:103,0
DA:112,0
DA:113,0
DA:114,0
DA:115,0
DA:116,0
DA:117,0
DA:118,0
DA:119,0
DA:120,0
DA:121,0
DA:122,0
DA:123,0
DA:124,0
DA:126,0
DA:138,0
DA:139,0
DA:140,0
DA:141,0
DA:151,0
DA:152,0
DA:153,0
DA:154,0
DA:155,0
DA:156,0
DA:157,0
DA:158,0
DA:159,0
DA:160,0
DA:161,0
DA:162,0
DA:163,0
DA:165,0
DA:177,0
DA:178,0
DA:179,0
DA:180,0
DA:190,0
DA:191,0
DA:192,0
DA:193,0
DA:194,0
DA:195,0
DA:196,0
DA:197,0
DA:198,0
DA:199,0
DA:200,0
DA:201,0
DA:202,0
DA:204,0
DA:216,0
DA:217,0
DA:218,0
DA:219,0
DA:229,0
DA:230,0
DA:231,0
DA:232,0
DA:233,0
DA:234,0
DA:235,0
DA:236,0
DA:237,0
DA:238,0
DA:239,0
DA:240,0
DA:241,0
DA:243,0
DA:255,0
DA:256,0
DA:257,0
DA:258,0
DA:268,0
DA:269,0
DA:270,0
DA:271,0
DA:272,0
DA:273,0
DA:274,0
DA:275,0
DA:276,0
DA:277,0
DA:278,0
DA:279,0
DA:280,0
DA:282,0
DA:299,0
DA:300,0
DA:301,0
DA:302,0
DA:311,0
DA:312,0
DA:313,0
DA:314,0
DA:315,0
DA:316,0
DA:317,0
DA:318,0
DA:319,0
DA:320,0
DA:321,0
DA:322,0
DA:323,0
DA:325,0
DA:337,0
DA:338,0
DA:339,0
DA:340,0
DA:348,0
DA:349,0
DA:350,0
DA:352,0
DA:354,0
DA:355,0
DA:356,0
DA:357,0
DA:358,0
DA:359,0
DA:360,0
DA:361,0
DA:362,0
DA:364,0
DA:369,0
DA:393,0
DA:397,0
DA:424,0
DA:425,0
DA:426,0
DA:434,0
DA:435,0
DA:436,0
DA:437,0
DA:438,0
DA:439,0
DA:440,0
DA:441,0
DA:443,0
DA:455,0
DA:457,0
DA:458,0
DA:465,0
DA:466,0
DA:467,0
DA:468,0
DA:469,0
DA:470,0
DA:471,0
DA:472,0
DA:474,0
DA:487,0
DA:488,0
DA:496,0
DA:497,0
DA:498,0
DA:499,0
DA:500,0
DA:501,0
DA:502,0
DA:503,0
DA:505,0
DA:522,0
DA:523,0
DA:524,0
DA:534,0
DA:535,0
DA:536,0
DA:539,0
DA:540,0
DA:541,0
DA:542,0
DA:543,0
DA:544,0
DA:545,0
DA:546,0
DA:547,0
DA:548,0
DA:549,0
DA:550,0
DA:551,0
DA:552,0
DA:553,0
DA:554,0
DA:555,0
DA:556,0
DA:557,0
DA:558,0
DA:559,0
DA:560,0
DA:561,0
DA:562,0
DA:563,0
DA:564,0
DA:565,0
DA:572,0
DA:573,0
DA:574,0
DA:575,0
DA:576,0
DA:577,0
DA:578,0
DA:579,0
DA:580,0
DA:581,0
DA:582,0
DA:583,0
DA:584,0
DA:585,0
DA:586,0
DA:587,0
DA:588,0
DA:589,0
DA:590,0
DA:591,0
DA:592,0
DA:593,0
DA:602,0
BRF:0
BRH:0
LF:254
LH:0
end_of_record
SF:/Users/ok/workspace/xechat/src/views/welcome.rs
FN:17,_RNCNvNtNtCs23hgJKj9VmF_6xechat5views7welcome7Welcome0B7_
FN:17,_RNCNvNtNtCs23hgJKj9VmF_6xechat5views7welcome7Welcomes_0B7_
FN:17,_RNCNvNvNtNtCs23hgJKj9VmF_6xechat5views7welcome7Welcome10___TEMPLATE0B9_
FN:17,_RNvNvNtNtCs23hgJKj9VmF_6xechat5views7welcome7Welcome19___original_template
FN:17,_RNCNvNtNtCsaZYDEbcQyjG_6xechat5views7welcome7Welcome0B7_
FN:17,_RNCNvNtNtCsaZYDEbcQyjG_6xechat5views7welcome7Welcomes_0B7_
FN:17,_RNvNvNtNtCsaZYDEbcQyjG_6xechat5views7welcome7Welcome19___original_template
FN:17,_RNCNvNvNtNtCsaZYDEbcQyjG_6xechat5views7welcome7Welcome10___TEMPLATE0B9_
FNDA:0,_RNCNvNtNtCs23hgJKj9VmF_6xechat5views7welcome7Welcome0B7_
FNDA:0,_RNCNvNtNtCs23hgJKj9VmF_6xechat5views7welcome7Welcomes_0B7_
FNDA:0,_RNCNvNvNtNtCs23hgJKj9VmF_6xechat5views7welcome7Welcome10___TEMPLATE0B9_
FNDA:0,_RNvNvNtNtCs23hgJKj9VmF_6xechat5views7welcome7Welcome19___original_template
FNDA:0,_RNCNvNtNtCsaZYDEbcQyjG_6xechat5views7welcome7Welcome0B7_
FNDA:0,_RNCNvNtNtCsaZYDEbcQyjG_6xechat5views7welcome7Welcomes_0B7_
FNDA:0,_RNvNvNtNtCsaZYDEbcQyjG_6xechat5views7welcome7Welcome19___original_template
FNDA:0,_RNCNvNvNtNtCsaZYDEbcQyjG_6xechat5views7welcome7Welcome10___TEMPLATE0B9_
FNF:1
FNH:0
DA:17,0
BRF:0
BRH:0
LF:1
LH:0
end_of_record